AUC-NOTblockBuster-1: 0.9044865403788634
AUC-blockBuster-1: 0.9033898305084745
AUC-NOTblockBuster-2: 0.8994984567901235
AUC-blockBuster-2: 0.8994984567901234
AUC-NOTblockBuster-3: 0.8663942798774259
AUC-blockBuster-3: 0.8685393258426967
AUC-NOTblockBuster-4: 0.8665490887713112
AUC-blockBuster-4: 0.866549088771311
AUC-NOTblockBuster-5: 0.9118644067796611
AUC-blockBuster-5: 0.9125623130608176
AUC-NOTblockBuster-6: 0.8183057448880233
AUC-blockBuster-6: 0.8183057448880234
AUC-NOTblockBuster-7: 0.8639735364875702
AUC-blockBuster-7: 0.870589414595028
AUC-NOTblockBuster-8: 0.8456492378931122
AUC-blockBuster-8: 0.8489291915878834
AUC-NOTblockBuster-9: 0.8091299677765843
AUC-blockBuster-9: 0.8109559613319012
AUC-NOTblockBuster-10: 0.8204089506172839
AUC-blockBuster-10: 0.8217592592592593
AUC-NOTblockBuster-Final: 0.860626021025996 (0.037154797886931074)
AUC-blockBuster-Final: 0.862107858663552 (0.03669357133185023)
AUC-NOTblockBuster-1: 0.8723589842992827
AUC-blockBuster-1: 0.8775925566970343
AUC-NOTblockBuster-2: 0.8846533675686353
AUC-blockBuster-2: 0.8865297254592139
AUC-NOTblockBuster-3: 0.8228473482556966
AUC-blockBuster-3: 0.826275458761847
AUC-NOTblockBuster-4: 0.8920145190562614
AUC-blockBuster-4: 0.8894938495664448
AUC-NOTblockBuster-5: 0.8922705314009662
AUC-blockBuster-5: 0.8901449275362319
AUC-NOTblockBuster-6: 0.8386108273748722
AUC-blockBuster-6: 0.8482124616956077
AUC-NOTblockBuster-7: 0.8712301587301589
AUC-blockBuster-7: 0.8712301587301587
AUC-NOTblockBuster-8: 0.8894571203776553
AUC-blockBuster-8: 0.8903422501966956
AUC-NOTblockBuster-9: 0.8250773993808048
AUC-blockBuster-9: 0.8255611455108359
AUC-NOTblockBuster-10: 0.8299172250689792
AUC-blockBuster-10: 0.8299172250689791
AUC-NOTblockBuster-Final: 0.8618437481513311 (0.029342937073814922)
AUC-blockBuster-Final: 0.8635299759223048 (0.02805032838301136)
AUC-NOTblockBuster-1: 0.806030701754386
AUC-blockBuster-1: 0.8074561403508771
AUC-NOTblockBuster-2: 0.8934372969460688
AUC-blockBuster-2: 0.8893220706086203
AUC-NOTblockBuster-3: 0.857051282051282
AUC-blockBuster-3: 0.8607905982905983
AUC-NOTblockBuster-4: 0.9159755565255348
AUC-blockBuster-4: 0.9159755565255346
AUC-NOTblockBuster-5: 0.8541260558804419
AUC-blockBuster-5: 0.8569417370586961
AUC-NOTblockBuster-6: 0.8243243243243242
AUC-blockBuster-6: 0.8243243243243243
AUC-NOTblockBuster-7: 0.8384868421052633
AUC-blockBuster-7: 0.8421052631578947
AUC-NOTblockBuster-8: 0.8761824679419803
AUC-blockBuster-8: 0.8771284422955644
AUC-NOTblockBuster-9: 0.8830236486486487
AUC-blockBuster-9: 0.8846072635135136
AUC-NOTblockBuster-10: 0.8762820512820514
AUC-blockBuster-10: 0.8762820512820513
AUC-NOTblockBuster-Final: 0.8624920227459982 (0.03322939286097791)
AUC-blockBuster-Final: 0.8634933447407676 (0.03231585261421889)
AUC-NOTblockBuster-1: 0.8839164016356201
AUC-blockBuster-1: 0.8839164016356201
AUC-NOTblockBuster-2: 0.8690402476780186
AUC-blockBuster-2: 0.8679050567595459
AUC-NOTblockBuster-3: 0.8826923076923077
AUC-blockBuster-3: 0.8840497737556561
AUC-NOTblockBuster-4: 0.869075011504832
AUC-blockBuster-4: 0.8691900598251264
AUC-NOTblockBuster-5: 0.8932269197584124
AUC-blockBuster-5: 0.8961389128559102
AUC-NOTblockBuster-6: 0.8732379093472131
AUC-blockBuster-6: 0.8699848189112991
AUC-NOTblockBuster-7: 0.8347297863426896
AUC-blockBuster-7: 0.8347297863426896
AUC-NOTblockBuster-8: 0.8022833973538197
AUC-blockBuster-8: 0.8051643192488263
AUC-NOTblockBuster-9: 0.8595833333333334
AUC-blockBuster-9: 0.8595833333333333
AUC-NOTblockBuster-10: 0.8479965156794425
AUC-blockBuster-10: 0.8479965156794426
AUC-NOTblockBuster-Final: 0.861578183032569 (0.027119955746878237)
AUC-blockBuster-Final: 0.8618658978347449 (0.026787284959126027)
AUC-NOTblockBuster-1: 0.8716269841269841
AUC-blockBuster-1: 0.8748015873015872
AUC-NOTblockBuster-2: 0.8404494382022472
AUC-blockBuster-2: 0.8431052093973442
AUC-NOTblockBuster-3: 0.8466324313648036
AUC-blockBuster-3: 0.8481137665415762
AUC-NOTblockBuster-4: 0.8893936401343078
AUC-blockBuster-4: 0.8893936401343077
AUC-NOTblockBuster-5: 0.863875365141188
AUC-blockBuster-5: 0.8668938656280429
AUC-NOTblockBuster-6: 0.8408257765772719
AUC-blockBuster-6: 0.839282268956203
AUC-NOTblockBuster-7: 0.8654761904761905
AUC-blockBuster-7: 0.8676587301587302
AUC-NOTblockBuster-8: 0.830282375851996
AUC-blockBuster-8: 0.8314508276533593
AUC-NOTblockBuster-9: 0.894434361766485
AUC-blockBuster-9: 0.8948376688848557
AUC-NOTblockBuster-10: 0.8400980392156862
AUC-blockBuster-10: 0.8431372549019608
AUC-NOTblockBuster-Final: 0.8583094602857161 (0.02213373095050571)
AUC-blockBuster-Final: 0.8598674819557968 (0.022005278280455006)
AUC-NOTblockBuster-1: 0.8957513768686073
AUC-blockBuster-1: 0.8986034618410701
AUC-NOTblockBuster-2: 0.7939484126984128
AUC-blockBuster-2: 0.7841269841269842
AUC-NOTblockBuster-3: 0.8817460317460317
AUC-blockBuster-3: 0.8829365079365079
AUC-NOTblockBuster-4: 0.8533197139938713
AUC-blockBuster-4: 0.849846782431052
AUC-NOTblockBuster-5: 0.8905273437500001
AUC-blockBuster-5: 0.88701171875
AUC-NOTblockBuster-6: 0.857046332046332
AUC-blockBuster-6: 0.8484555984555984
AUC-NOTblockBuster-7: 0.7990029910269193
AUC-blockBuster-7: 0.8029910269192423
AUC-NOTblockBuster-8: 0.8593719138850485
AUC-blockBuster-8: 0.8643096978076239
AUC-NOTblockBuster-9: 0.8901626494219088
AUC-blockBuster-9: 0.8847736625514404
AUC-NOTblockBuster-10: 0.8673887587822013
AUC-blockBuster-10: 0.8604605776736924
AUC-NOTblockBuster-Final: 0.8588265524219333 (0.03616439486233569)
AUC-blockBuster-Final: 0.8563516018493212 (0.037250584019606986)
AUC-NOTblockBuster-1: 0.8624387254901961
AUC-blockBuster-1: 0.8676470588235294
AUC-NOTblockBuster-2: 0.8600591715976331
AUC-blockBuster-2: 0.8557692307692308
AUC-NOTblockBuster-3: 0.8984420928865373
AUC-blockBuster-3: 0.8930041152263374
AUC-NOTblockBuster-4: 0.8859237536656891
AUC-blockBuster-4: 0.8825513196480937
AUC-NOTblockBuster-5: 0.8179540094339623
AUC-blockBuster-5: 0.820754716981132
AUC-NOTblockBuster-6: 0.876621462264151
AUC-blockBuster-6: 0.8795695754716981
AUC-NOTblockBuster-7: 0.8226183518410286
AUC-blockBuster-7: 0.8207188778492109
AUC-NOTblockBuster-8: 0.8443562610229277
AUC-blockBuster-8: 0.8461199294532626
AUC-NOTblockBuster-9: 0.8863636363636364
AUC-blockBuster-9: 0.8818181818181818
AUC-NOTblockBuster-10: 0.8270467836257309
AUC-blockBuster-10: 0.831140350877193
AUC-NOTblockBuster-Final: 0.8581824248191493 (0.029040123408055455)
AUC-blockBuster-Final: 0.857909335691787 (0.027076512225555627)
AUC-NOTblockBuster-1: 0.9004237288135593
AUC-blockBuster-1: 0.9024011299435029
AUC-NOTblockBuster-2: 0.8614158829676071
AUC-blockBuster-2: 0.8650731452455591
AUC-NOTblockBuster-3: 0.8413642960812772
AUC-blockBuster-3: 0.8426705370101597
AUC-NOTblockBuster-4: 0.8488782051282052
AUC-blockBuster-4: 0.8501602564102564
AUC-NOTblockBuster-5: 0.8322704081632653
AUC-blockBuster-5: 0.8394451530612246
AUC-NOTblockBuster-6: 0.8236457699330493
AUC-blockBuster-6: 0.8239500912964091
AUC-NOTblockBuster-7: 0.9042957334891877
AUC-blockBuster-7: 0.9069257744009351
AUC-NOTblockBuster-8: 0.8661524500907442
AUC-blockBuster-8: 0.8670598911070779
AUC-NOTblockBuster-9: 0.8621794871794872
AUC-blockBuster-9: 0.8606532356532357
AUC-NOTblockBuster-10: 0.8583622685185184
AUC-blockBuster-10: 0.8631365740740741
AUC-NOTblockBuster-Final: 0.8598988230364901 (0.02625710755233754)
AUC-blockBuster-Final: 0.8621475788202435 (0.026159415866377426)
usage: Netkit [learning] [-h] [OPTIONS] <schema-file|pajek-net-file>
usage: Netkit [learning] [-h] [OPTIONS] -gda <class-file> <edge-file>
Invalid value for depth(-1)! (must be >= 0))!
AUC-NOTblockBuster-1: 0.8551345962113659
AUC-blockBuster-1: 0.8600199401794615
AUC-NOTblockBuster-2: 0.8228985507246378
AUC-blockBuster-2: 0.8220289855072463
AUC-NOTblockBuster-3: 0.8407507739938079
AUC-blockBuster-3: 0.8378482972136223
AUC-NOTblockBuster-4: 0.880275974025974
AUC-blockBuster-4: 0.8778409090909091
AUC-NOTblockBuster-5: 0.877821906354515
AUC-blockBuster-5: 0.8869147157190636
AUC-NOTblockBuster-6: 0.8336954374876555
AUC-blockBuster-6: 0.8334979261307525
AUC-NOTblockBuster-7: 0.8383162863886704
AUC-blockBuster-7: 0.832513768686074
AUC-NOTblockBuster-8: 0.8740777666999002
AUC-blockBuster-8: 0.8673978065802591
AUC-NOTblockBuster-9: 0.8942326683784317
AUC-blockBuster-9: 0.8902824412403714
AUC-NOTblockBuster-10: 0.8310733384262795
AUC-blockBuster-10: 0.8271581359816653
AUC-NOTblockBuster-Final: 0.8548277298691238 (0.024946294256637663)
AUC-blockBuster-Final: 0.8535502926329425 (0.02596451346841806)
AUC-project-1: 0.8709677419354838
AUC-course-1: 0.856
AUC-student-1: 0.8418367346938775
AUC-faculty-1: 0.8951612903225805
AUC-department-1: 0.9895833333333334
AUC-staff-1: 0.0
AUC-project-2: 0.8629032258064516
AUC-course-2: 0.9717741935483871
AUC-student-2: 0.8979591836734694
AUC-faculty-2: 0.8333333333333334
AUC-department-2: 0.72
AUC-staff-2: 0.0
AUC-project-3: 0.9387755102040816
AUC-course-3: 0.6266666666666667
AUC-student-3: 0.8356643356643356
AUC-faculty-3: 0.6551724137931034
AUC-department-3: 0.7878787878787878
AUC-staff-3: 0.7878787878787878
AUC-project-4: 0.735632183908046
AUC-course-4: 0.9655172413793103
AUC-student-4: 0.851449275362319
AUC-faculty-4: 0.596938775510204
AUC-department-4: 0.8951612903225806
AUC-staff-4: 0.0
AUC-project-5: 0.9907407407407407
AUC-course-5: 0.9770114942528735
AUC-student-5: 0.7993421052631579
AUC-faculty-5: 0.8229166666666666
AUC-department-5: 0.8823529411764706
AUC-staff-5: 0.9705882352941176
AUC-project-6: 0.7908163265306122
AUC-course-6: 0.5539999999999999
AUC-student-6: 0.798951048951049
AUC-faculty-6: 0.7083333333333333
AUC-department-6: 0.3939393939393939
AUC-staff-6: 0.0
AUC-project-7: 0.7933333333333333
AUC-course-7: 0.6612903225806452
AUC-student-7: 1.0
AUC-faculty-7: 0.6733333333333333
AUC-department-7: 0.7862903225806451
AUC-staff-7: 0.38235294117647056
AUC-project-8: 0.7983870967741935
AUC-course-8: 0.7708333333333333
AUC-student-8: 0.8400000000000001
AUC-faculty-8: 0.8188775510204082
AUC-department-8: 0.0
AUC-staff-8: 0.8823529411764706
AUC-project-9: 0.9
AUC-course-9: 0.9540229885057472
AUC-student-9: 0.8911564625850341
AUC-faculty-9: 0.7244897959183674
AUC-department-9: 0.8636363636363636
AUC-staff-9: 0.8235294117647058
AUC-project-10: 0.75
AUC-course-10: 0.9096774193548387
AUC-student-10: 0.8327759197324416
AUC-faculty-10: 0.7743055555555556
AUC-department-10: 0.9411764705882353
AUC-staff-10: 0.0
AUC-project-Final: 0.8431556159232942 (0.08352274359180378)
AUC-course-Final: 0.8246793659621803 (0.1604453592074772)
AUC-student-Final: 0.8589135065925684 (0.05920075912453466)
AUC-faculty-Final: 0.7502862048786886 (0.09389817878529888)
AUC-department-Final: 0.7260018903455809 (0.3041605558302911)
AUC-staff-Final: 0.38467023172905523 (0.4328232653900865)
AUC-project-1: 0.7911111111111111
AUC-course-1: 0.640625
AUC-student-1: 0.8373702422145328
AUC-faculty-1: 0.6236559139784946
AUC-department-1: 0.9393939393939394
AUC-staff-1: 0.875
AUC-project-2: 0.903225806451613
AUC-course-2: 0.7787356321839081
AUC-student-2: 0.892156862745098
AUC-faculty-2: 0.7933333333333334
AUC-department-2: 0.7916666666666666
AUC-staff-2: 0.0
AUC-project-3: 0.8988095238095238
AUC-course-3: 0.8413793103448276
AUC-student-3: 0.8645833333333335
AUC-faculty-3: 0.6129032258064516
AUC-department-3: 0.75
AUC-staff-3: 0.0
AUC-project-4: 0.96875
AUC-course-4: 0.9933333333333333
AUC-student-4: 0.8531468531468532
AUC-faculty-4: 0.7272727272727273
AUC-department-4: 0.8645833333333334
AUC-staff-4: 0.0
AUC-project-5: 0.9133333333333333
AUC-course-5: 0.816326530612245
AUC-student-5: 0.7894736842105263
AUC-faculty-5: 0.7395833333333333
AUC-department-5: 0.8125
AUC-staff-5: 0.8823529411764706
AUC-project-6: 0.8666666666666667
AUC-course-6: 0.9417989417989419
AUC-student-6: 0.8715415019762845
AUC-faculty-6: 0.8133333333333334
AUC-department-6: 0.8064516129032258
AUC-staff-6: 0.0
AUC-project-7: 0.9375
AUC-course-7: 0.5151515151515151
AUC-student-7: 0.805921052631579
AUC-faculty-7: 0.584
AUC-department-7: 0.90625
AUC-staff-7: 0.9117647058823529
AUC-project-8: 0.9940476190476191
AUC-course-8: 0.8333333333333334
AUC-student-8: 0.9523809523809524
AUC-faculty-8: 0.9523809523809523
AUC-department-8: 0.859375
AUC-staff-8: 0.0
AUC-project-9: 0.8200000000000001
AUC-course-9: 0.89
AUC-student-9: 0.9047619047619049
AUC-faculty-9: 0.8933333333333333
AUC-department-9: 0.8064516129032258
AUC-staff-9: 0.5303030303030303
AUC-project-10: 0.8461538461538461
AUC-course-10: 0.811965811965812
AUC-student-10: 0.924
AUC-faculty-10: 0.8448275862068966
AUC-department-10: 0.23529411764705888
AUC-staff-10: 0.0
AUC-project-Final: 0.8939597906573713 (0.06417842854685243)
AUC-course-Final: 0.8062649408723918 (0.13960919295160482)
AUC-student-Final: 0.8695336387401065 (0.050958379710973584)
AUC-faculty-Final: 0.7584623738978855 (0.12409983706805292)
AUC-department-Final: 0.777196628284745 (0.19858327875784093)
AUC-staff-Final: 0.3199420677361854 (0.4259732162382226)
AUC-project-1: 0.8979591836734694
AUC-course-1: 0.8177083333333333
AUC-student-1: 0.8401360544217686
AUC-faculty-1: 0.7758620689655172
AUC-department-1: 0.8933333333333333
AUC-staff-1: 0.0
AUC-project-2: 0.9696969696969697
AUC-course-2: 0.6436781609195401
AUC-student-2: 0.8775510204081632
AUC-faculty-2: 0.7933333333333333
AUC-department-2: 0.9411764705882353
AUC-staff-2: 0.0
AUC-project-3: 0.7822222222222222
AUC-course-3: 0.75
AUC-student-3: 0.7625
AUC-faculty-3: 0.58994708994709
AUC-department-3: 0.7666666666666667
AUC-staff-3: 0.0
AUC-project-4: 0.716931216931217
AUC-course-4: 0.6666666666666666
AUC-student-4: 0.7893772893772893
AUC-faculty-4: 0.9333333333333333
AUC-department-4: 0.8083333333333333
AUC-staff-4: 0.8709677419354839
AUC-project-5: 0.9270833333333334
AUC-course-5: 0.5867346938775511
AUC-student-5: 0.8435374149659864
AUC-faculty-5: 0.9583333333333334
AUC-department-5: 0.5
AUC-staff-5: 0.0
AUC-project-6: 0.8928571428571428
AUC-course-6: 0.9395604395604396
AUC-student-6: 0.9126984126984128
AUC-faculty-6: 0.8516483516483516
AUC-department-6: 0.45161290322580644
AUC-staff-6: 0.0
AUC-project-7: 1.0
AUC-course-7: 0.58
AUC-student-7: 0.8133333333333335
AUC-faculty-7: 0.7462121212121212
AUC-department-7: 0.8484848484848484
AUC-staff-7: 0.0
AUC-project-8: 0.828
AUC-course-8: 0.9400000000000001
AUC-student-8: 0.87
AUC-faculty-8: 0.8103448275862069
AUC-department-8: 0.6612903225806452
AUC-staff-8: 0.0
AUC-project-9: 0.846774193548387
AUC-course-9: 0.9866666666666667
AUC-student-9: 0.9421768707482993
AUC-faculty-9: 0.6666666666666667
AUC-department-9: 0.9117647058823529
AUC-staff-9: 0.7916666666666666
AUC-project-10: 0.96
AUC-course-10: 0.8931623931623932
AUC-student-10: 0.94
AUC-faculty-10: 0.7466666666666667
AUC-department-10: 0.8823529411764706
AUC-staff-10: 0.0
AUC-project-Final: 0.8821524262262741 (0.08910902917071255)
AUC-course-Final: 0.7804177354186591 (0.15551924224973177)
AUC-student-Final: 0.8591310395953252 (0.0611626576850139)
AUC-faculty-Final: 0.787234779269262 (0.11168256036764064)
AUC-department-Final: 0.7665015525271691 (0.17347400811585995)
AUC-staff-Final: 0.16626344086021505 (0.3510121240287426)
AUC-project-1: 0.7701612903225805
AUC-course-1: 0.875
AUC-student-1: 0.8823529411764706
AUC-faculty-1: 0.7704081632653061
AUC-department-1: 0.9583333333333334
AUC-staff-1: 0.0
AUC-project-2: 0.814102564102564
AUC-course-2: 0.9596774193548387
AUC-student-2: 0.9074074074074074
AUC-faculty-2: 0.7986111111111112
AUC-department-2: 0.7661290322580645
AUC-staff-2: 0.6818181818181819
AUC-project-3: 0.9758064516129032
AUC-course-3: 0.9080459770114943
AUC-student-3: 0.72
AUC-faculty-3: 0.7777777777777778
AUC-department-3: 0.8636363636363635
AUC-staff-3: 0.0
AUC-project-4: 0.9242424242424243
AUC-course-4: 0.8086734693877551
AUC-student-4: 0.9183673469387754
AUC-faculty-4: 0.9393939393939394
AUC-department-4: 0.6176470588235294
AUC-staff-4: 0.0
AUC-project-5: 0.9758064516129032
AUC-course-5: 0.8935185185185185
AUC-student-5: 0.9337121212121212
AUC-faculty-5: 0.6296296296296297
AUC-department-5: 0.8629032258064516
AUC-staff-5: 0.0
AUC-project-6: 0.8448275862068966
AUC-course-6: 0.6666666666666666
AUC-student-6: 0.8866666666666667
AUC-faculty-6: 0.8287037037037037
AUC-department-6: 0.875
AUC-staff-6: 0.0
AUC-project-7: 0.9117647058823529
AUC-course-7: 0.8726851851851852
AUC-student-7: 0.8627450980392156
AUC-faculty-7: 0.6666666666666667
AUC-department-7: 0.6818181818181818
AUC-staff-7: 0.8235294117647058
AUC-project-8: 0.8333333333333334
AUC-course-8: 0.8214285714285713
AUC-student-8: 0.8299319727891157
AUC-faculty-8: 0.7916666666666666
AUC-department-8: 0.6466666666666667
AUC-staff-8: 0.8823529411764706
AUC-project-9: 0.5564516129032258
AUC-course-9: 0.8367346938775512
AUC-student-9: 0.8643790849673203
AUC-faculty-9: 0.8218390804597702
AUC-department-9: 0.0
AUC-staff-9: 0.8823529411764706
AUC-project-10: 0.8222222222222223
AUC-course-10: 0.8193548387096774
AUC-student-10: 0.9195046439628483
AUC-faculty-10: 0.7055555555555556
AUC-department-10: 0.9714285714285714
AUC-staff-10: 0.9428571428571428
AUC-project-Final: 0.8428718642441406 (0.1226480408893792)
AUC-course-Final: 0.8461785340140258 (0.07855382362351565)
AUC-student-Final: 0.8725067283159941 (0.06218777094850942)
AUC-faculty-Final: 0.7730252294230128 (0.0885811663501271)
AUC-department-Final: 0.7243562433771162 (0.2833817044693012)
AUC-staff-Final: 0.42129106187929716 (0.44898504730704525)
AUC-project-1: 0.49999999999999994
AUC-course-1: 0.8563218390804598
AUC-student-1: 0.24342105263157895
AUC-faculty-1: 0.6494252873563219
AUC-department-1: 0.47058823529411764
AUC-staff-1: 0.0
AUC-project-2: 0.6428571428571429
AUC-course-2: 0.9848484848484849
AUC-student-2: 0.45471014492753625
AUC-faculty-2: 0.644
AUC-department-2: 0.78125
AUC-staff-2: 0.5
AUC-project-3: 0.6854838709677419
AUC-course-3: 0.7666666666666667
AUC-student-3: 0.4029605263157895
AUC-faculty-3: 0.5509259259259259
AUC-department-3: 0.5454545454545454
AUC-staff-3: 0.0
AUC-project-4: 0.5
AUC-course-4: 0.7902298850574712
AUC-student-4: 0.3832236842105263
AUC-faculty-4: 0.8400000000000001
AUC-department-4: 0.46875
AUC-staff-4: 0.5
AUC-project-5: 0.717948717948718
AUC-course-5: 0.6982758620689655
AUC-student-5: 0.5871212121212122
AUC-faculty-5: 0.5402298850574712
AUC-department-5: 0.6770833333333333
AUC-staff-5: 0.0
AUC-project-6: 0.8790322580645161
AUC-course-6: 0.6066666666666668
AUC-student-6: 0.5398550724637682
AUC-faculty-6: 0.7264957264957265
AUC-department-6: 0.5566666666666666
AUC-staff-6: 0.0
AUC-project-7: 0.8
AUC-course-7: 0.8034188034188035
AUC-student-7: 0.7670068027210883
AUC-faculty-7: 0.5806451612903225
AUC-department-7: 0.7272727272727273
AUC-staff-7: 0.5588235294117647
AUC-project-8: 0.7615740740740741
AUC-course-8: 0.8735632183908046
AUC-student-8: 0.39855072463768115
AUC-faculty-8: 0.42
AUC-department-8: 0.6458333333333333
AUC-staff-8: 0.5
AUC-project-9: 0.6866666666666668
AUC-course-9: 0.8775510204081634
AUC-student-9: 0.5392156862745098
AUC-faculty-9: 0.6927083333333333
AUC-department-9: 0.8823529411764706
AUC-staff-9: 0.5
AUC-project-10: 0.7387096774193549
AUC-course-10: 0.8817733990147784
AUC-student-10: 0.42812500000000003
AUC-faculty-10: 0.5916666666666667
AUC-department-10: 0.8823529411764706
AUC-staff-10: 0.0
AUC-project-Final: 0.6912272407998215 (0.12043841233415016)
AUC-course-Final: 0.8139315845621263 (0.10669616809029236)
AUC-student-Final: 0.474418990630369 (0.14215031966672612)
AUC-faculty-Final: 0.6236096986125769 (0.11538605242499193)
AUC-department-Final: 0.6637604723707666 (0.15445667658526022)
AUC-staff-Final: 0.25588235294117645 (0.27029324642302716)
AUC-project-1: 0.5747126436781609
AUC-course-1: 0.7862903225806451
AUC-student-1: 0.36734693877551017
AUC-faculty-1: 0.7731481481481481
AUC-department-1: 0.7575757575757576
AUC-staff-1: 0.5
AUC-project-2: 0.6354166666666666
AUC-course-2: 0.5632183908045977
AUC-student-2: 0.4210526315789474
AUC-faculty-2: 0.6435185185185185
AUC-department-2: 0.6470588235294117
AUC-staff-2: 0.9117647058823529
AUC-project-3: 0.617816091954023
AUC-course-3: 0.7620967741935484
AUC-student-3: 0.4666666666666667
AUC-faculty-3: 0.6752136752136753
AUC-department-3: 0.3529411764705882
AUC-staff-3: 0.0
AUC-project-4: 0.8035714285714286
AUC-course-4: 0.8819444444444445
AUC-student-4: 0.4242424242424243
AUC-faculty-4: 0.467741935483871
AUC-department-4: 0.7862903225806451
AUC-staff-4: 0.5
AUC-project-5: 0.6954022988505747
AUC-course-5: 0.6370967741935483
AUC-student-5: 0.5833333333333334
AUC-faculty-5: 0.8200000000000001
AUC-department-5: 0.8409090909090909
AUC-staff-5: 0.9117647058823529
AUC-project-6: 0.7620967741935483
AUC-course-6: 0.8903061224489797
AUC-student-6: 0.40666666666666673
AUC-faculty-6: 0.557471264367816
AUC-department-6: 0.6666666666666666
AUC-staff-6: 0.0
AUC-project-7: 0.7777777777777778
AUC-course-7: 0.9866666666666667
AUC-student-7: 0.7551020408163265
AUC-faculty-7: 0.53125
AUC-department-7: 0.2661290322580645
AUC-staff-7: 0.0
AUC-project-8: 0.7385057471264368
AUC-course-8: 0.8086734693877551
AUC-student-8: 0.5235507246376812
AUC-faculty-8: 0.5028735632183907
AUC-department-8: 0.9435483870967742
AUC-staff-8: 0.0
AUC-project-9: 0.7000000000000002
AUC-course-9: 0.8933333333333333
AUC-student-9: 0.47101449275362317
AUC-faculty-9: 0.552
AUC-department-9: 0.393939393939394
AUC-staff-9: 0.7941176470588236
AUC-project-10: 0.6176470588235294
AUC-course-10: 0.9506172839506173
AUC-student-10: 0.42260061919504643
AUC-faculty-10: 0.6969696969696969
AUC-department-10: 0.7941176470588236
AUC-staff-10: 0.5
AUC-project-Final: 0.6922946487642146 (0.07813568696630065)
AUC-course-Final: 0.8160243582004136 (0.13451403860397024)
AUC-student-Final: 0.48415765386662263 (0.11367014213308725)
AUC-faculty-Final: 0.6220186801920116 (0.11843945249350854)
AUC-department-Final: 0.6449176298085215 (0.22966895265356493)
AUC-staff-Final: 0.4117647058823529 (0.3869755756076579)
AUC-project-1: 0.8586206896551725
AUC-course-1: 0.8844444444444445
AUC-student-1: 0.5274725274725274
AUC-faculty-1: 0.7619047619047619
AUC-department-1: 0.5
AUC-staff-1: 0.0
AUC-project-2: 0.8958333333333334
AUC-course-2: 0.7988505747126436
AUC-student-2: 0.42156862745098045
AUC-faculty-2: 0.6433333333333334
AUC-department-2: 0.6451612903225806
AUC-staff-2: 0.0
AUC-project-3: 0.9791666666666666
AUC-course-3: 0.7096774193548387
AUC-student-3: 0.4744897959183673
AUC-faculty-3: 0.6944444444444444
AUC-department-3: 0.7733333333333333
AUC-staff-3: 0.0
AUC-project-4: 0.5925925925925927
AUC-course-4: 0.8877551020408163
AUC-student-4: 0.5884353741496599
AUC-faculty-4: 0.8529411764705882
AUC-department-4: 0.8387096774193548
AUC-staff-4: 0.5
AUC-project-5: 0.6133333333333334
AUC-course-5: 0.86
AUC-student-5: 0.43181818181818177
AUC-faculty-5: 0.3775510204081633
AUC-department-5: 0.6048387096774194
AUC-staff-5: 0.7058823529411764
AUC-project-6: 0.5625
AUC-course-6: 0.7812499999999999
AUC-student-6: 0.44897959183673464
AUC-faculty-6: 0.5533333333333333
AUC-department-6: 0.564516129032258
AUC-staff-6: 0.9411764705882353
AUC-project-7: 0.4733333333333334
AUC-course-7: 0.9183673469387754
AUC-student-7: 0.6748251748251749
AUC-faculty-7: 0.5816326530612246
AUC-department-7: 0.6470588235294117
AUC-staff-7: 0.5
AUC-project-8: 0.7068965517241379
AUC-course-8: 0.9270833333333334
AUC-student-8: 0.5935374149659863
AUC-faculty-8: 0.6287878787878788
AUC-department-8: 0.0
AUC-staff-8: 0.5
AUC-project-9: 0.7551020408163267
AUC-course-9: 0.7643678160919539
AUC-student-9: 0.40131578947368424
AUC-faculty-9: 0.6933333333333335
AUC-department-9: 0.8676470588235294
AUC-staff-9: 0.0
AUC-project-10: 0.7258064516129032
AUC-course-10: 0.9056122448979591
AUC-student-10: 0.5588235294117647
AUC-faculty-10: 0.6494252873563218
AUC-department-10: 0.2941176470588235
AUC-staff-10: 0.0
AUC-project-Final: 0.7163184993067799 (0.16050738007960796)
AUC-course-Final: 0.8437408281814764 (0.07482934296672232)
AUC-student-Final: 0.5121266007323062 (0.09047465856143662)
AUC-faculty-Final: 0.6436687222433384 (0.12732362369680497)
AUC-department-Final: 0.5735382669196711 (0.262627762881535)
AUC-staff-Final: 0.31470588235294117 (0.35647738296766324)
AUC-project-1: 0.75
AUC-course-1: 0.9838709677419355
AUC-student-1: 0.2783333333333333
AUC-faculty-1: 0.6466666666666667
AUC-department-1: 0.7272727272727273
AUC-staff-1: 0.5
AUC-project-2: 0.8020833333333333
AUC-course-2: 0.7270408163265307
AUC-student-2: 0.7878787878787878
AUC-faculty-2: 0.572
AUC-department-2: 0.6491935483870968
AUC-staff-2: 0.0
AUC-project-3: 0.6944444444444444
AUC-course-3: 0.8666666666666667
AUC-student-3: 0.5680272108843537
AUC-faculty-3: 0.8341836734693878
AUC-department-3: 0.0
AUC-staff-3: 0.5
AUC-project-4: 0.5458333333333333
AUC-course-4: 0.7104166666666666
AUC-student-4: 0.4735576923076923
AUC-faculty-4: 0.5841346153846154
AUC-department-4: 0.6333333333333333
AUC-staff-4: 0.0
AUC-project-5: 0.6063218390804598
AUC-course-5: 0.8333333333333333
AUC-student-5: 0.3741496598639456
AUC-faculty-5: 0.6370967741935484
AUC-department-5: 0.6566666666666667
AUC-staff-5: 0.0
AUC-project-6: 0.7816091954022988
AUC-course-6: 0.8520408163265305
AUC-student-6: 0.39166666666666666
AUC-faculty-6: 0.35416666666666663
AUC-department-6: 0.5483870967741935
AUC-staff-6: 0.0
AUC-project-7: 0.7413793103448274
AUC-course-7: 0.9375
AUC-student-7: 0.46166666666666667
AUC-faculty-7: 0.7011494252873562
AUC-department-7: 0.0
AUC-staff-7: 0.0
AUC-project-8: 0.5431034482758621
AUC-course-8: 0.9375
AUC-student-8: 0.4983660130718955
AUC-faculty-8: 0.7083333333333333
AUC-department-8: 0.7941176470588236
AUC-staff-8: 0.0
AUC-project-9: 0.710344827586207
AUC-course-9: 0.8416666666666668
AUC-student-9: 0.4192982456140351
AUC-faculty-9: 0.42857142857142855
AUC-department-9: 0.8494623655913979
AUC-staff-9: 0.5
AUC-project-10: 0.9343434343434344
AUC-course-10: 0.9508928571428571
AUC-student-10: 0.5625
AUC-faculty-10: 0.5548387096774193
AUC-department-10: 0.6470588235294119
AUC-staff-10: 0.9411764705882353
AUC-project-Final: 0.71094631661442 (0.12124782166727574)
AUC-course-Final: 0.8640928790871187 (0.09229111245422093)
AUC-student-Final: 0.4815444276287377 (0.13880308990522078)
AUC-faculty-Final: 0.6021141293250423 (0.13873059372772284)
AUC-department-Final: 0.5505492208613652 (0.30244895553829915)
AUC-staff-Final: 0.24411764705882355 (0.3399148410890855)
AUC-project-1: 0.6989795918367346
AUC-course-1: 0.71
AUC-student-1: 0.5437062937062938
AUC-faculty-1: 0.7040229885057472
AUC-department-1: 0.3939393939393939
AUC-staff-1: 0.6363636363636364
AUC-project-2: 0.8541666666666666
AUC-course-2: 0.806122448979592
AUC-student-2: 0.368421052631579
AUC-faculty-2: 0.6266666666666667
AUC-department-2: 0.8229166666666666
AUC-staff-2: 0.5
AUC-project-3: 0.8619999999999999
AUC-course-3: 0.8425925925925924
AUC-student-3: 0.5340909090909091
AUC-faculty-3: 0.5052083333333333
AUC-department-3: 0.7656249999999999
AUC-staff-3: 0.0
AUC-project-4: 0.6666666666666666
AUC-course-4: 0.6666666666666666
AUC-student-4: 0.3954248366013072
AUC-faculty-4: 0.6900000000000002
AUC-department-4: 0.6354166666666666
AUC-staff-4: 0.0
AUC-project-5: 0.5040322580645161
AUC-course-5: 0.9533333333333334
AUC-student-5: 0.444
AUC-faculty-5: 0.5374149659863946
AUC-department-5: 0.5
AUC-staff-5: 0.0
AUC-project-6: 0.5
AUC-course-6: 0.7777777777777778
AUC-student-6: 0.5427631578947368
AUC-faculty-6: 0.6866666666666666
AUC-department-6: 0.5588235294117647
AUC-staff-6: 0.8676470588235294
AUC-project-7: 0.8064516129032258
AUC-course-7: 0.8600000000000001
AUC-student-7: 0.7565359477124183
AUC-faculty-7: 0.7933333333333333
AUC-department-7: 0.8645833333333333
AUC-staff-7: 0.0
AUC-project-8: 0.6466666666666667
AUC-course-8: 0.7620967741935483
AUC-student-8: 0.4033333333333333
AUC-faculty-8: 0.4930555555555555
AUC-department-8: 0.6590909090909091
AUC-staff-8: 0.5
AUC-project-9: 0.7448979591836735
AUC-course-9: 0.8717948717948717
AUC-student-9: 0.46014492753623193
AUC-faculty-9: 0.7666666666666666
AUC-department-9: 0.6212121212121212
AUC-staff-9: 0.0
AUC-project-10: 0.7364532019704434
AUC-course-10: 0.8935483870967742
AUC-student-10: 0.5434782608695652
AUC-faculty-10: 0.5722222222222222
AUC-department-10: 0.640625
AUC-staff-10: 0.8571428571428572
AUC-project-Final: 0.7020314623958593 (0.12780482252532818)
AUC-course-Final: 0.8143932852435156 (0.08730859805223577)
AUC-student-Final: 0.4991898719376374 (0.11299629387406847)
AUC-faculty-Final: 0.6375257398936586 (0.10714881347272247)
AUC-department-Final: 0.6462232620320856 (0.1440543174092254)
AUC-staff-Final: 0.3361153552330023 (0.3745706658871103)
AUC-faculty-1: 0.9655172413793104
AUC-course-1: 0.8870967741935484
AUC-department-1: 0.7747252747252747
AUC-student-1: 0.9779411764705882
AUC-project-1: 0.9666666666666667
AUC-staff-1: 0.0
AUC-faculty-2: 0.9583333333333334
AUC-course-2: 0.946236559139785
AUC-department-2: 1.0
AUC-student-2: 0.9678571428571429
AUC-project-2: 1.0
AUC-staff-2: 0.12121212121212122
AUC-faculty-3: 0.765625
AUC-course-3: 0.8500000000000001
AUC-department-3: 0.9569892473118279
AUC-student-3: 0.9615384615384616
AUC-project-3: 0.8869047619047619
AUC-staff-3: 0.0
AUC-faculty-4: 0.9724137931034482
AUC-course-4: 0.8958333333333333
AUC-department-4: 0.975
AUC-student-4: 0.9886363636363636
AUC-project-4: 0.8387096774193548
AUC-staff-4: 0.0
AUC-faculty-5: 0.9833333333333334
AUC-course-5: 0.9
AUC-department-5: 0.96875
AUC-student-5: 0.9473684210526316
AUC-project-5: 0.9788359788359788
AUC-staff-5: 1.0
AUC-faculty-6: 0.9285714285714286
AUC-course-6: 1.0
AUC-department-6: 1.0
AUC-student-6: 1.0
AUC-project-6: 0.9032258064516129
AUC-staff-6: 0.0
AUC-faculty-7: 0.9404761904761906
AUC-course-7: 0.8703703703703705
AUC-department-7: 0.9375
AUC-student-7: 0.9375
AUC-project-7: 0.7272727272727273
AUC-staff-7: 0.0
AUC-faculty-8: 0.9416666666666667
AUC-course-8: 1.0
AUC-department-8: 0.9470899470899471
AUC-student-8: 1.0
AUC-project-8: 0.8010752688172043
AUC-staff-8: 0.0
AUC-faculty-9: 0.9841269841269842
AUC-course-9: 0.9788359788359788
AUC-department-9: 0.8602150537634409
AUC-student-9: 0.9128787878787878
AUC-project-9: 0.890625
AUC-staff-9: 0.7526881720430108
AUC-faculty-10: 0.9735449735449735
AUC-course-10: 0.956989247311828
AUC-department-10: 0.935483870967742
AUC-student-10: 0.9719298245614034
AUC-project-10: 0.9090909090909091
AUC-staff-10: 0.696969696969697
AUC-faculty-Final: 0.941360894453567 (0.06455821277131375)
AUC-course-Final: 0.9285362263184844 (0.05479184088042997)
AUC-department-Final: 0.9355753393858233 (0.06920397069572812)
AUC-student-Final: 0.966565017799538 (0.027895778730252663)
AUC-project-Final: 0.8902406796459216 (0.0839555807372096)
AUC-staff-Final: 0.2570869990224829 (0.3952581955707154)
AUC-faculty-1: 1.0
AUC-course-1: 0.9838709677419355
AUC-department-1: 1.0
AUC-student-1: 1.0
AUC-project-1: 0.96875
AUC-staff-1: 0.0
AUC-faculty-2: 0.9285714285714286
AUC-course-2: 0.9753086419753085
AUC-department-2: 1.0
AUC-student-2: 0.962962962962963
AUC-project-2: 0.935483870967742
AUC-staff-2: 0.0
AUC-faculty-3: 0.953125
AUC-course-3: 0.7586206896551725
AUC-department-3: 0.4242424242424242
AUC-student-3: 0.8893280632411067
AUC-project-3: 0.9375
AUC-staff-3: 0.18181818181818177
AUC-faculty-4: 0.9888888888888889
AUC-course-4: 0.8892857142857143
AUC-department-4: 1.0
AUC-student-4: 0.9849624060150376
AUC-project-4: 0.9310344827586207
AUC-staff-4: 0.0
AUC-faculty-5: 0.9241379310344827
AUC-course-5: 1.0
AUC-department-5: 0.9172413793103449
AUC-student-5: 0.8339100346020761
AUC-project-5: 0.7793103448275862
AUC-staff-5: 0.12121212121212122
AUC-faculty-6: 0.9741379310344828
AUC-course-6: 0.8913043478260869
AUC-department-6: 1.0
AUC-student-6: 0.9285714285714286
AUC-project-6: 0.8548387096774194
AUC-staff-6: 0.0
AUC-faculty-7: 0.7824074074074074
AUC-course-7: 1.0
AUC-department-7: 0.8388888888888888
AUC-student-7: 0.9846153846153847
AUC-project-7: 0.967741935483871
AUC-staff-7: 0.06666666666666665
AUC-faculty-8: 1.0
AUC-course-8: 0.9285714285714286
AUC-department-8: 0.9375
AUC-student-8: 1.0
AUC-project-8: 0.9333333333333333
AUC-staff-8: 0.18181818181818177
AUC-faculty-9: 1.0
AUC-course-9: 0.9876543209876544
AUC-department-9: 0.9516129032258065
AUC-student-9: 0.9777777777777779
AUC-project-9: 0.8535714285714286
AUC-staff-9: 0.0
AUC-faculty-10: 0.9642857142857143
AUC-course-10: 0.744047619047619
AUC-department-10: 0.8511904761904762
AUC-student-10: 1.0
AUC-project-10: 0.4242424242424242
AUC-staff-10: 0.0
AUC-faculty-Final: 0.9515554301222403 (0.06582801362404947)
AUC-course-Final: 0.915866373009092 (0.09614085972809157)
AUC-department-Final: 0.892067607185794 (0.17518256724178524)
AUC-student-Final: 0.9562128057785774 (0.05586829365838368)
AUC-project-Final: 0.8585806529862425 (0.16398032833495674)
AUC-staff-Final: 0.05515151515151514 (0.07805669521959818)
AUC-faculty-1: 0.9857142857142858
AUC-course-1: 0.5864197530864197
AUC-department-1: 0.8555555555555555
AUC-student-1: 0.8351851851851853
AUC-project-1: 0.9741379310344828
AUC-staff-1: 0.0
AUC-faculty-2: 0.9103448275862069
AUC-course-2: 0.8386243386243386
AUC-department-2: 0.9416666666666667
AUC-student-2: 0.9523809523809523
AUC-project-2: 0.675
AUC-staff-2: 0.18181818181818177
AUC-faculty-3: 0.9471153846153847
AUC-course-3: 1.0
AUC-department-3: 1.0
AUC-student-3: 1.0
AUC-project-3: 0.978494623655914
AUC-staff-3: 0.8181818181818181
AUC-faculty-4: 0.989247311827957
AUC-course-4: 1.0
AUC-department-4: 0.8416666666666667
AUC-student-4: 1.0
AUC-project-4: 0.984375
AUC-staff-4: 1.0
AUC-faculty-5: 1.0
AUC-course-5: 1.0
AUC-department-5: 0.880952380952381
AUC-student-5: 0.9228070175438596
AUC-project-5: 0.9333333333333333
AUC-staff-5: 0.0
AUC-faculty-6: 0.92
AUC-course-6: 0.9895833333333333
AUC-department-6: 0.9252873563218391
AUC-student-6: 0.9956709956709956
AUC-project-6: 1.0
AUC-staff-6: 1.0
AUC-faculty-7: 1.0
AUC-course-7: 0.9714285714285715
AUC-department-7: 0.96875
AUC-student-7: 1.0
AUC-project-7: 0.875
AUC-staff-7: 0.0
AUC-faculty-8: 0.9285714285714284
AUC-course-8: 0.9785714285714286
AUC-department-8: 0.9482758620689655
AUC-student-8: 0.9666666666666667
AUC-project-8: 0.7096774193548387
AUC-staff-8: 0.0
AUC-faculty-9: 0.9928571428571429
AUC-course-9: 0.8333333333333333
AUC-department-9: 1.0
AUC-student-9: 0.9682539682539683
AUC-project-9: 0.9375
AUC-staff-9: 0.15625
AUC-faculty-10: 0.9379310344827586
AUC-course-10: 0.7931034482758621
AUC-department-10: 0.9379310344827586
AUC-student-10: 0.9930555555555555
AUC-project-10: 0.890625
AUC-staff-10: 0.0
AUC-faculty-Final: 0.9611781415655166 (0.03572858364313958)
AUC-course-Final: 0.8991064206653288 (0.13632622607943737)
AUC-department-Final: 0.9300085522714834 (0.055384727490854185)
AUC-student-Final: 0.9634020341257183 (0.05183524068040929)
AUC-project-Final: 0.895814330737857 (0.11483307573932491)
AUC-staff-Final: 0.315625 (0.43852049174126084)
AUC-faculty-1: 0.8879310344827587
AUC-course-1: 1.0
AUC-department-1: 1.0
AUC-student-1: 1.0
AUC-project-1: 0.96875
AUC-staff-1: 0.0
AUC-faculty-2: 0.9249999999999999
AUC-course-2: 0.9583333333333334
AUC-department-2: 0.8888888888888888
AUC-student-2: 0.8961937716262975
AUC-project-2: 0.71875
AUC-staff-2: 0.0
AUC-faculty-3: 0.9750000000000001
AUC-course-3: 1.0
AUC-department-3: 0.9880952380952381
AUC-student-3: 0.9649122807017545
AUC-project-3: 0.8833333333333334
AUC-staff-3: 0.5
AUC-faculty-4: 0.989247311827957
AUC-course-4: 0.8586206896551725
AUC-department-4: 1.0
AUC-student-4: 0.9965277777777778
AUC-project-4: 0.8827586206896552
AUC-staff-4: 0.24242424242424243
AUC-faculty-5: 0.956989247311828
AUC-course-5: 0.9310344827586207
AUC-department-5: 0.7965517241379311
AUC-student-5: 0.9583333333333334
AUC-project-5: 0.8586206896551725
AUC-staff-5: 0.0
AUC-faculty-6: 1.0
AUC-course-6: 0.8956043956043955
AUC-department-6: 0.967741935483871
AUC-student-6: 1.0
AUC-project-6: 1.0
AUC-staff-6: 0.8387096774193549
AUC-faculty-7: 0.9172413793103449
AUC-course-7: 0.8968253968253969
AUC-department-7: 0.0
AUC-student-7: 0.9929824561403509
AUC-project-7: 0.9696969696969697
AUC-staff-7: 1.0
AUC-faculty-8: 0.96
AUC-course-8: 1.0
AUC-department-8: 0.9696969696969697
AUC-student-8: 0.9965397923875432
AUC-project-8: 0.6881720430107526
AUC-staff-8: 0.5
AUC-faculty-9: 0.9583333333333334
AUC-course-9: 0.6896551724137931
AUC-department-9: 0.9793103448275863
AUC-student-9: 1.0
AUC-project-9: 0.956989247311828
AUC-staff-9: 0.0
AUC-faculty-10: 1.0
AUC-course-10: 0.5448275862068965
AUC-department-10: 0.8999999999999999
AUC-student-10: 0.8368055555555556
AUC-project-10: 0.967741935483871
AUC-staff-10: 0.0
AUC-faculty-Final: 0.9569742306266222 (0.03719009768097967)
AUC-course-Final: 0.877490105679761 (0.14960429296225003)
AUC-department-Final: 0.8490285101130486 (0.30520332274581424)
AUC-student-Final: 0.9642294967522613 (0.05543104341141818)
AUC-project-Final: 0.8894812839181583 (0.10869144730855676)
AUC-staff-Final: 0.3081133919843597 (0.38193437672382774)
AUC-faculty-1: 0.39814814814814814
AUC-course-1: 0.5642857142857143
AUC-department-1: 0.935483870967742
AUC-student-1: 0.38602941176470584
AUC-project-1: 0.23333333333333334
AUC-staff-1: 0.0
AUC-faculty-2: 0.3650793650793651
AUC-course-2: 0.5
AUC-department-2: 0.8333333333333334
AUC-student-2: 0.4221453287197232
AUC-project-2: 0.3586206896551724
AUC-staff-2: 0.0
AUC-faculty-3: 0.5238095238095238
AUC-course-3: 0.25
AUC-department-3: 0.6559139784946237
AUC-student-3: 0.4107142857142857
AUC-project-3: 0.6333333333333333
AUC-staff-3: 1.0
AUC-faculty-4: 0.5978835978835979
AUC-course-4: 0.568888888888889
AUC-department-4: 0.8709677419354839
AUC-student-4: 0.5151515151515151
AUC-project-4: 0.46875
AUC-staff-4: 0.8333333333333334
AUC-faculty-5: 0.5
AUC-course-5: 0.4666666666666667
AUC-department-5: 0.9545454545454545
AUC-student-5: 0.44230769230769235
AUC-project-5: 0.5
AUC-staff-5: 0.0
AUC-faculty-6: 0.4035714285714286
AUC-course-6: 0.6551724137931034
AUC-department-6: 0.6928571428571428
AUC-student-6: 0.41727941176470584
AUC-project-6: 0.5888888888888889
AUC-staff-6: 0.0
AUC-faculty-7: 0.65
AUC-course-7: 0.3894230769230769
AUC-department-7: 0.6916666666666668
AUC-student-7: 0.2743055555555556
AUC-project-7: 0.5
AUC-staff-7: 0.0
AUC-faculty-8: 0.703125
AUC-course-8: 0.23214285714285715
AUC-department-8: 0.4375
AUC-student-8: 0.443859649122807
AUC-project-8: 0.5
AUC-staff-8: 0.0
AUC-faculty-9: 0.4301075268817204
AUC-course-9: 0.6379310344827587
AUC-department-9: 0.4583333333333334
AUC-student-9: 0.3223443223443223
AUC-project-9: 0.9393939393939394
AUC-staff-9: 0.0
AUC-faculty-10: 0.5072115384615384
AUC-course-10: 0.5344827586206897
AUC-department-10: 0.6965517241379311
AUC-student-10: 0.4222222222222223
AUC-project-10: 0.5
AUC-staff-10: 0.6666666666666666
AUC-faculty-Final: 0.5078936128835322 (0.11357698195325452)
AUC-course-Final: 0.4798993410803756 (0.1478423680476221)
AUC-department-Final: 0.7227153246271711 (0.17996261626478655)
AUC-student-Final: 0.40563593946675347 (0.06673174711771074)
AUC-project-Final: 0.5222320184604667 (0.1843544903103284)
AUC-staff-Final: 0.25 (0.41013397389537226)
AUC-faculty-1: 0.36458333333333326
AUC-course-1: 0.571875
AUC-department-1: 0.5466666666666666
AUC-student-1: 0.3
AUC-project-1: 0.32
AUC-staff-1: 0.0
AUC-faculty-2: 0.5
AUC-course-2: 0.43154761904761907
AUC-department-2: 0.7314814814814816
AUC-student-2: 0.29523809523809524
AUC-project-2: 0.5833333333333333
AUC-staff-2: 0.0
AUC-faculty-3: 0.3653846153846154
AUC-course-3: 0.5
AUC-department-3: 0.5
AUC-student-3: 0.4532163742690059
AUC-project-3: 0.5
AUC-staff-3: 0.5
AUC-faculty-4: 0.375
AUC-course-4: 0.475
AUC-department-4: 0.625
AUC-student-4: 0.31315789473684214
AUC-project-4: 0.5
AUC-staff-4: 0.9821428571428572
AUC-faculty-5: 0.0
AUC-course-5: 0.5579710144927537
AUC-department-5: 0.6702898550724639
AUC-student-5: 0.40865384615384615
AUC-project-5: 0.5576923076923076
AUC-staff-5: 1.0
AUC-faculty-6: 0.18
AUC-course-6: 0.6041666666666667
AUC-department-6: 0.7733333333333333
AUC-student-6: 0.4666666666666667
AUC-project-6: 0.5208333333333333
AUC-staff-6: 0.5
AUC-faculty-7: 0.24
AUC-course-7: 0.6833333333333335
AUC-department-7: 0.7962962962962963
AUC-student-7: 0.5380952380952381
AUC-project-7: 0.5700000000000001
AUC-staff-7: 0.0
AUC-faculty-8: 0.29166666666666663
AUC-course-8: 0.625
AUC-department-8: 0.508695652173913
AUC-student-8: 0.34895833333333337
AUC-project-8: 0.5
AUC-staff-8: 1.0
AUC-faculty-9: 0.5
AUC-course-9: 0.5
AUC-department-9: 0.5
AUC-student-9: 0.2403846153846154
AUC-project-9: 0.4871794871794872
AUC-staff-9: 0.0
AUC-faculty-10: 0.28260869565217395
AUC-course-10: 0.5
AUC-department-10: 0.6168831168831168
AUC-student-10: 0.3383838383838384
AUC-project-10: 0.5641025641025641
AUC-staff-10: 0.0
AUC-faculty-Final: 0.3099243311036789 (0.1496136258300943)
AUC-course-Final: 0.5448893633540373 (0.07729714579797217)
AUC-department-Final: 0.6268646401907272 (0.11337185775092763)
AUC-student-Final: 0.37027549022614814 (0.09308396926662933)
AUC-project-Final: 0.5103141025641025 (0.07543692858243466)
AUC-staff-Final: 0.39821428571428574 (0.4569048549591707)
AUC-faculty-1: 0.43478260869565216
AUC-course-1: 0.5714285714285714
AUC-department-1: 0.6358695652173914
AUC-student-1: 0.37857142857142856
AUC-project-1: 0.6597222222222221
AUC-staff-1: 0.94
AUC-faculty-2: 0.42546583850931674
AUC-course-2: 0.36
AUC-department-2: 0.8571428571428571
AUC-student-2: 0.3349282296650718
AUC-project-2: 0.43999999999999995
AUC-staff-2: 0.0
AUC-faculty-3: 0.49137931034482757
AUC-course-3: 0.5
AUC-department-3: 0.8095238095238095
AUC-student-3: 0.40625
AUC-project-3: 0.43518518518518523
AUC-staff-3: 0.75
AUC-faculty-4: 0.2894736842105263
AUC-course-4: 0.5666666666666667
AUC-department-4: 0.5921052631578948
AUC-student-4: 0.4461538461538462
AUC-project-4: 0.4545454545454546
AUC-staff-4: 0.5
AUC-faculty-5: 0.5064102564102563
AUC-course-5: 0.35507246376811596
AUC-department-5: 0.525
AUC-student-5: 0.20432692307692307
AUC-project-5: 0.6574074074074074
AUC-staff-5: 1.0
AUC-faculty-6: 0.45999999999999996
AUC-course-6: 0.37267080745341613
AUC-department-6: 0.712
AUC-student-6: 0.3349282296650718
AUC-project-6: 0.7232142857142857
AUC-staff-6: 0.0
AUC-faculty-7: 0.5652173913043479
AUC-course-7: 0.5105263157894736
AUC-department-7: 0.8571428571428571
AUC-student-7: 0.31818181818181823
AUC-project-7: 0.5875
AUC-staff-7: 0.0
AUC-faculty-8: 0.4615384615384615
AUC-course-8: 0.605
AUC-department-8: 0.7777777777777778
AUC-student-8: 0.375
AUC-project-8: 0.605
AUC-staff-8: 0.0
AUC-faculty-9: 0.4444444444444445
AUC-course-9: 0.5347222222222222
AUC-department-9: 0.4519230769230769
AUC-student-9: 0.47058823529411764
AUC-project-9: 0.0
AUC-staff-9: 0.0
AUC-faculty-10: 0.39655172413793105
AUC-course-10: 0.6666666666666666
AUC-department-10: 0.6428571428571429
AUC-student-10: 0.3908730158730158
AUC-project-10: 0.4017857142857143
AUC-staff-10: 0.0
AUC-faculty-Final: 0.44752637195957645 (0.07290110034147143)
AUC-course-Final: 0.5042753713995133 (0.10867874427027228)
AUC-department-Final: 0.6861342349742807 (0.14017467716412874)
AUC-student-Final: 0.3659801726481293 (0.07468212373978725)
AUC-project-Final: 0.49643602693602695 (0.20768037684159)
AUC-staff-Final: 0.319 (0.43185517119618805)
AUC-student-1: 0.9371794871794872
AUC-course-1: 0.9133333333333333
AUC-project-1: 0.7162162162162162
AUC-faculty-1: 0.768421052631579
AUC-department-1: 0.8333333333333334
AUC-staff-1: 0.0
AUC-student-2: 0.8167420814479638
AUC-course-2: 0.9727272727272727
AUC-project-2: 0.631578947368421
AUC-faculty-2: 0.8398692810457516
AUC-department-2: 0.0
AUC-staff-2: 0.8292682926829268
AUC-student-3: 0.969047619047619
AUC-course-3: 0.9047619047619048
AUC-project-3: 0.16071428571428573
AUC-faculty-3: 0.7521929824561404
AUC-department-3: 0.627906976744186
AUC-staff-3: 0.0
AUC-student-4: 0.9261083743842364
AUC-course-4: 0.9488888888888889
AUC-project-4: 0.8916666666666666
AUC-faculty-4: 0.7564102564102564
AUC-department-4: 0.7833333333333333
AUC-staff-4: 0.7142857142857143
AUC-student-5: 0.9142857142857144
AUC-course-5: 0.9908045977011494
AUC-project-5: 0.6904761904761905
AUC-faculty-5: 0.9444444444444444
AUC-department-5: 0.86875
AUC-staff-5: 0.6046511627906976
AUC-student-6: 0.9384236453201971
AUC-course-6: 0.9928571428571429
AUC-project-6: 0.8075396825396826
AUC-faculty-6: 0.9047619047619048
AUC-department-6: 0.7073170731707318
AUC-staff-6: 0.7564102564102564
AUC-student-7: 0.8823529411764706
AUC-course-7: 0.9117647058823528
AUC-project-7: 0.9315789473684211
AUC-faculty-7: 0.7804878048780488
AUC-department-7: 0.5487804878048781
AUC-staff-7: 0.0
AUC-student-8: 0.8632183908045977
AUC-course-8: 0.9536842105263158
AUC-project-8: 0.625
AUC-faculty-8: 0.73125
AUC-department-8: 0.9761904761904762
AUC-staff-8: 0.0
AUC-student-9: 0.9153225806451613
AUC-course-9: 0.8826086956521739
AUC-project-9: 0.8416666666666667
AUC-faculty-9: 0.8416666666666668
AUC-department-9: 0.3814102564102564
AUC-staff-9: 1.0
AUC-student-10: 0.8881987577639752
AUC-course-10: 0.9509803921568628
AUC-project-10: 0.8928571428571428
AUC-faculty-10: 0.8333333333333333
AUC-department-10: 0.8837209302325582
AUC-staff-10: 0.9302325581395349
AUC-student-Final: 0.9050879592055423 (0.04374592971201586)
AUC-course-Final: 0.9422411144487397 (0.037751380004413804)
AUC-project-Final: 0.7189294745873693 (0.22536364833114653)
AUC-faculty-Final: 0.8152837726628126 (0.07010325225732056)
AUC-department-Final: 0.6610742867219753 (0.2920614360170532)
AUC-staff-Final: 0.483484798430913 (0.42991040366746436)
AUC-student-1: 0.9605911330049262
AUC-course-1: 0.9143518518518519
AUC-project-1: 0.6263157894736842
AUC-faculty-1: 0.7564102564102564
AUC-department-1: 0.8333333333333334
AUC-staff-1: 0.6833333333333333
AUC-student-2: 0.8934659090909092
AUC-course-2: 0.9739130434782608
AUC-project-2: 0.6208333333333333
AUC-faculty-2: 0.8785714285714286
AUC-department-2: 0.9523809523809523
AUC-staff-2: 0.0
AUC-student-3: 0.9449035812672177
AUC-course-3: 0.9576446280991735
AUC-project-3: 0.6307692307692307
AUC-faculty-3: 0.9534883720930233
AUC-department-3: 0.9285714285714286
AUC-staff-3: 0.943089430894309
AUC-student-4: 0.8599537037037037
AUC-course-4: 0.9488095238095239
AUC-project-4: 0.8974358974358974
AUC-faculty-4: 0.8452380952380952
AUC-department-4: 0.30952380952380953
AUC-staff-4: 0.0
AUC-student-5: 0.9379652605459057
AUC-course-5: 0.982905982905983
AUC-project-5: 0.9097222222222222
AUC-faculty-5: 0.6547619047619048
AUC-department-5: 0.8861788617886178
AUC-staff-5: 0.0
AUC-student-6: 0.9642857142857143
AUC-course-6: 0.9217391304347826
AUC-project-6: 0.5
AUC-faculty-6: 0.8461538461538461
AUC-department-6: 0.9047619047619048
AUC-staff-6: 0.9761904761904762
AUC-student-7: 0.8399014778325123
AUC-course-7: 0.9143518518518519
AUC-project-7: 0.9916666666666667
AUC-faculty-7: 0.8153153153153153
AUC-department-7: 0.26666666666666666
AUC-staff-7: 0.8333333333333334
AUC-student-8: 0.8610526315789474
AUC-course-8: 0.8850446428571428
AUC-project-8: 0.8690476190476191
AUC-faculty-8: 0.8250000000000001
AUC-department-8: 0.3571428571428571
AUC-staff-8: 1.0
AUC-student-9: 0.8722943722943723
AUC-course-9: 0.9242424242424242
AUC-project-9: 0.7243589743589743
AUC-faculty-9: 0.8333333333333334
AUC-department-9: 0.8250000000000001
AUC-staff-9: 0.0
AUC-student-10: 0.9453124999999999
AUC-course-10: 0.9760348583877996
AUC-project-10: 0.7601626016260162
AUC-faculty-10: 0.825
AUC-department-10: 0.8617886178861788
AUC-staff-10: 0.9534883720930233
AUC-student-Final: 0.9079726283604209 (0.047401309846839164)
AUC-course-Final: 0.9399037937918795 (0.03265286068269415)
AUC-project-Final: 0.7530312334933644 (0.159579409159235)
AUC-faculty-Final: 0.8233272551877203 (0.07750056934133764)
AUC-department-Final: 0.7125348432055748 (0.2805428496743575)
AUC-staff-Final: 0.5389434945844476 (0.4723809175661886)
AUC-student-1: 0.8981900452488687
AUC-course-1: 0.9064039408866995
AUC-project-1: 0.907051282051282
AUC-faculty-1: 0.6987179487179487
AUC-department-1: 0.6416666666666666
AUC-staff-1: 1.0
AUC-student-2: 0.8620689655172413
AUC-course-2: 0.8793859649122807
AUC-project-2: 0.8166666666666667
AUC-faculty-2: 0.8157894736842105
AUC-department-2: 0.7317073170731707
AUC-staff-2: 0.0
AUC-student-3: 0.9486607142857143
AUC-course-3: 0.991578947368421
AUC-project-3: 0.9285714285714286
AUC-faculty-3: 0.9333333333333333
AUC-department-3: 0.9166666666666666
AUC-staff-3: 0.0
AUC-student-4: 0.9431818181818181
AUC-course-4: 0.9398148148148148
AUC-project-4: 0.713963963963964
AUC-faculty-4: 0.8198198198198198
AUC-department-4: 0.7916666666666665
AUC-staff-4: 1.0
AUC-student-5: 0.8828125
AUC-course-5: 0.9933035714285714
AUC-project-5: 0.6874999999999999
AUC-faculty-5: 0.8026315789473684
AUC-department-5: 0.8604651162790697
AUC-staff-5: 0.6976744186046512
AUC-student-6: 0.8857142857142857
AUC-course-6: 0.9901477832512315
AUC-project-6: 0.8671171171171171
AUC-faculty-6: 0.85
AUC-department-6: 0.4207317073170732
AUC-staff-6: 0.925
AUC-student-7: 0.950657894736842
AUC-course-7: 0.9649122807017543
AUC-project-7: 0.6833333333333333
AUC-faculty-7: 0.9523809523809523
AUC-department-7: 0.9761904761904762
AUC-staff-7: 0.0
AUC-student-8: 0.9632183908045978
AUC-course-8: 0.9019607843137255
AUC-project-8: 0.6178861788617886
AUC-faculty-8: 0.8512820512820513
AUC-department-8: 0.9285714285714286
AUC-staff-8: 0.75
AUC-student-9: 0.9230769230769231
AUC-course-9: 0.9307359307359307
AUC-project-9: 0.8782051282051282
AUC-faculty-9: 0.5975609756097561
AUC-department-9: 0.5121951219512195
AUC-staff-9: 0.0
AUC-student-10: 0.8137931034482758
AUC-course-10: 0.9476190476190477
AUC-project-10: 0.7562500000000001
AUC-faculty-10: 0.888030888030888
AUC-department-10: 0.7142857142857143
AUC-staff-10: 0.8690476190476191
AUC-student-Final: 0.9071374641014567 (0.047365707622467695)
AUC-course-Final: 0.9445863066032478 (0.04057966633392048)
AUC-project-Final: 0.7856545098770708 (0.10831038351166077)
AUC-faculty-Final: 0.8209547021806328 (0.10613130937944536)
AUC-department-Final: 0.7494146881668153 (0.1835083721006607)
AUC-staff-Final: 0.524172203765227 (0.46098365439167466)
AUC-student-1: 0.9380952380952381
AUC-course-1: 0.8833333333333334
AUC-project-1: 0.8782051282051282
AUC-faculty-1: 0.9007936507936508
AUC-department-1: 0.6219512195121951
AUC-staff-1: 0.0
AUC-student-2: 0.9142857142857143
AUC-course-2: 0.9794871794871796
AUC-project-2: 0.6261261261261262
AUC-faculty-2: 0.6821428571428572
AUC-department-2: 0.5
AUC-staff-2: 0.0
AUC-student-3: 0.919047619047619
AUC-course-3: 0.9916666666666667
AUC-project-3: 0.9500000000000001
AUC-faculty-3: 0.8512820512820514
AUC-department-3: 0.5348837209302326
AUC-staff-3: 0.0
AUC-student-4: 0.9137931034482759
AUC-course-4: 0.9751131221719457
AUC-project-4: 0.7210526315789474
AUC-faculty-4: 0.6105263157894737
AUC-department-4: 0.7195121951219513
AUC-staff-4: 0.0
AUC-student-5: 0.9423076923076923
AUC-course-5: 0.9934640522875817
AUC-project-5: 0.7384615384615385
AUC-faculty-5: 0.5581395348837209
AUC-department-5: 0.7857142857142857
AUC-staff-5: 0.7906976744186046
AUC-student-6: 0.9088888888888889
AUC-course-6: 0.9375
AUC-project-6: 0.725
AUC-faculty-6: 0.9916666666666667
AUC-department-6: 0.926829268292683
AUC-staff-6: 1.0
AUC-student-7: 0.8
AUC-course-7: 0.9385964912280702
AUC-project-7: 0.8315789473684211
AUC-faculty-7: 0.9024390243902439
AUC-department-7: 0.8292682926829269
AUC-staff-7: 0.0
AUC-student-8: 0.9205955334987592
AUC-course-8: 0.9083333333333333
AUC-project-8: 0.7375
AUC-faculty-8: 0.9674796747967479
AUC-department-8: 0.3780487804878049
AUC-staff-8: 0.9534883720930233
AUC-student-9: 0.9211822660098522
AUC-course-9: 0.9363425925925926
AUC-project-9: 0.9285714285714286
AUC-faculty-9: 0.7578947368421053
AUC-department-9: 0.9390243902439025
AUC-staff-9: 0.968421052631579
AUC-student-10: 0.8586206896551725
AUC-course-10: 0.9150326797385622
AUC-project-10: 0.7142857142857142
AUC-faculty-10: 0.8923076923076922
AUC-department-10: 0.8252032520325203
AUC-staff-10: 1.0
AUC-student-Final: 0.9036816745237213 (0.042852340674335)
AUC-course-Final: 0.9458869450839267 (0.037759927665154784)
AUC-project-Final: 0.7850781514597305 (0.10595976732354424)
AUC-faculty-Final: 0.811467220489521 (0.15104604692587556)
AUC-department-Final: 0.7060435405018503 (0.19012870731551582)
AUC-staff-Final: 0.4712607099143207 (0.5001461626518295)
AUC-student-1: 0.6748366013071896
AUC-course-1: 0.8636363636363635
AUC-project-1: 0.8894736842105263
AUC-faculty-1: 0.7403846153846154
AUC-department-1: 0.7458333333333333
AUC-staff-1: 0.8095238095238095
AUC-student-2: 0.631578947368421
AUC-course-2: 0.9057017543859649
AUC-project-2: 0.6762820512820513
AUC-faculty-2: 0.5714285714285714
AUC-department-2: 0.0
AUC-staff-2: 0.0
AUC-student-3: 0.41547619047619044
AUC-course-3: 0.8257080610021785
AUC-project-3: 0.6974358974358974
AUC-faculty-3: 0.6737451737451738
AUC-department-3: 0.5
AUC-staff-3: 0.0
AUC-student-4: 0.5555555555555556
AUC-course-4: 0.863095238095238
AUC-project-4: 0.8236842105263159
AUC-faculty-4: 0.5608974358974359
AUC-department-4: 0.6208333333333332
AUC-staff-4: 0.0
AUC-student-5: 0.6971677559912854
AUC-course-5: 0.9174107142857142
AUC-project-5: 0.6309523809523809
AUC-faculty-5: 0.7828947368421053
AUC-department-5: 0.5
AUC-staff-5: 0.6785714285714286
AUC-student-6: 0.537037037037037
AUC-course-6: 0.8433333333333335
AUC-project-6: 0.5684210526315789
AUC-faculty-6: 0.7374999999999999
AUC-department-6: 0.5
AUC-staff-6: 0.0
AUC-student-7: 0.719047619047619
AUC-course-7: 0.9059139784946236
AUC-project-7: 0.6402439024390244
AUC-faculty-7: 0.8806306306306306
AUC-department-7: 0.503968253968254
AUC-staff-7: 0.5
AUC-student-8: 0.5235732009925558
AUC-course-8: 0.8973214285714286
AUC-project-8: 0.421875
AUC-faculty-8: 0.8204633204633204
AUC-department-8: 0.5116279069767442
AUC-staff-8: 0.5
AUC-student-9: 0.4692982456140351
AUC-course-9: 0.9049773755656108
AUC-project-9: 0.5
AUC-faculty-9: 0.7666666666666666
AUC-department-9: 0.8452380952380952
AUC-staff-9: 0.9146341463414633
AUC-student-10: 0.598014888337469
AUC-course-10: 0.7189473684210527
AUC-project-10: 0.6929824561403508
AUC-faculty-10: 0.7073170731707317
AUC-department-10: 0.7261904761904762
AUC-staff-10: 0.5
AUC-student-Final: 0.5821586041727358 (0.09996950961244942)
AUC-course-Final: 0.8646045615791509 (0.05969266727040029)
AUC-project-Final: 0.6541350635618126 (0.1389585863724436)
AUC-faculty-Final: 0.724192822422925 (0.10124889561964975)
AUC-department-Final: 0.5453691399040237 (0.22972291591031344)
AUC-staff-Final: 0.39027293844367017 (0.3619720582676422)
AUC-student-1: 0.6333333333333333
AUC-course-1: 0.8744588744588745
AUC-project-1: 0.6416666666666666
AUC-faculty-1: 0.6428571428571428
AUC-department-1: 0.36666666666666664
AUC-staff-1: 0.0
AUC-student-2: 0.5055555555555555
AUC-course-2: 0.8495370370370371
AUC-project-2: 0.6868421052631579
AUC-faculty-2: 0.9207317073170731
AUC-department-2: 0.4285714285714286
AUC-staff-2: 0.5
AUC-student-3: 0.4626696832579186
AUC-course-3: 0.8168859649122807
AUC-project-3: 0.6666666666666666
AUC-faculty-3: 0.8333333333333334
AUC-department-3: 0.0
AUC-staff-3: 0.0
AUC-student-4: 0.5086848635235732
AUC-course-4: 0.8325892857142857
AUC-project-4: 0.6991869918699187
AUC-faculty-4: 0.4826388888888889
AUC-department-4: 0.9186046511627907
AUC-staff-4: 0.597560975609756
AUC-student-5: 0.7204301075268817
AUC-course-5: 0.8593073593073595
AUC-project-5: 0.8095238095238095
AUC-faculty-5: 0.7789473684210526
AUC-department-5: 0.7458333333333332
AUC-staff-5: 0.0
AUC-student-6: 0.6477832512315271
AUC-course-6: 0.7726190476190476
AUC-project-6: 0.6526315789473685
AUC-faculty-6: 0.6894736842105263
AUC-department-6: 0.6730769230769231
AUC-staff-6: 0.0
AUC-student-7: 0.5363247863247863
AUC-course-7: 0.9322916666666667
AUC-project-7: 0.6285714285714286
AUC-faculty-7: 0.764102564102564
AUC-department-7: 0.42857142857142855
AUC-staff-7: 0.8214285714285714
AUC-student-8: 0.6030092592592593
AUC-course-8: 0.8815217391304349
AUC-project-8: 0.8333333333333334
AUC-faculty-8: 0.6538461538461539
AUC-department-8: 0.8597560975609757
AUC-staff-8: 0.0
AUC-student-9: 0.40340909090909094
AUC-course-9: 0.8726851851851853
AUC-project-9: 0.7184684684684683
AUC-faculty-9: 0.6801801801801801
AUC-department-9: 0.5791666666666666
AUC-staff-9: 0.5
AUC-student-10: 0.6198257080610022
AUC-course-10: 0.9229910714285714
AUC-project-10: 0.5691056910569104
AUC-faculty-10: 0.7406250000000001
AUC-department-10: 0.5
AUC-staff-10: 0.5
AUC-student-Final: 0.5641025638982928 (0.09674362320032232)
AUC-course-Final: 0.8614887231459744 (0.04756341600128602)
AUC-project-Final: 0.6905996740367729 (0.08055189768359573)
AUC-faculty-Final: 0.7186736023156914 (0.11932700696967281)
AUC-department-Final: 0.5500247195610213 (0.2696228739960339)
AUC-staff-Final: 0.29189895470383276 (0.3214159679292319)
AUC-student-1: 0.5666666666666667
AUC-course-1: 0.8251231527093597
AUC-project-1: 0.5630630630630631
AUC-faculty-1: 0.6987179487179487
AUC-department-1: 0.5374999999999999
AUC-staff-1: 0.9523809523809523
AUC-student-2: 0.5857142857142856
AUC-course-2: 0.8714285714285713
AUC-project-2: 0.725
AUC-faculty-2: 0.4910714285714286
AUC-department-2: 0.5
AUC-staff-2: 0.5
AUC-student-3: 0.7286324786324786
AUC-course-3: 0.8398692810457516
AUC-project-3: 0.66875
AUC-faculty-3: 0.9179487179487179
AUC-department-3: 0.0
AUC-staff-3: 0.0
AUC-student-4: 0.46286472148541113
AUC-course-4: 0.8897727272727273
AUC-project-4: 0.75
AUC-faculty-4: 0.7
AUC-department-4: 0.5555555555555556
AUC-staff-4: 0.0
AUC-student-5: 0.5045977011494253
AUC-course-5: 0.8392857142857142
AUC-project-5: 0.6910569105691056
AUC-faculty-5: 0.7236842105263159
AUC-department-5: 0.4641025641025641
AUC-staff-5: 0.8604651162790697
AUC-student-6: 0.5271493212669683
AUC-course-6: 0.8511111111111112
AUC-project-6: 0.8963414634146343
AUC-faculty-6: 0.7052631578947368
AUC-department-6: 0.8690476190476191
AUC-staff-6: 0.0
AUC-student-7: 0.6128205128205129
AUC-course-7: 0.9046052631578947
AUC-project-7: 0.6842105263157895
AUC-faculty-7: 0.7682926829268292
AUC-department-7: 0.0
AUC-staff-7: 0.592948717948718
AUC-student-8: 0.4453125
AUC-course-8: 0.9059829059829059
AUC-project-8: 0.74375
AUC-faculty-8: 0.80625
AUC-department-8: 0.738095238095238
AUC-staff-8: 0.0
AUC-student-9: 0.8004926108374385
AUC-course-9: 0.6538461538461537
AUC-project-9: 0.6026315789473684
AUC-faculty-9: 0.7583333333333333
AUC-department-9: 0.6666666666666666
AUC-staff-9: 0.5
AUC-student-10: 0.6459770114942529
AUC-course-10: 0.9291938997821351
AUC-project-10: 0.5691056910569104
AUC-faculty-10: 0.7358974358974358
AUC-department-10: 0.9285714285714286
AUC-staff-10: 0.8095238095238095
AUC-student-Final: 0.588022781006744 (0.11355157172818628)
AUC-course-Final: 0.8510218780622324 (0.07726718168856486)
AUC-project-Final: 0.6893909233366873 (0.09951829018759159)
AUC-faculty-Final: 0.7305458915816747 (0.10700826537514731)
AUC-department-Final: 0.5259539072039072 (0.31682136175164216)
AUC-staff-Final: 0.42153185961325496 (0.3912168464340295)
AUC-student-1: 0.9090909090909091
AUC-course-1: 0.9132653061224489
AUC-faculty-1: 0.66
AUC-department-1: 0.9838709677419355
AUC-project-1: 0.9435483870967742
AUC-staff-1: 0.9848484848484849
AUC-student-2: 0.9243421052631579
AUC-course-2: 0.9962121212121212
AUC-faculty-2: 0.4696969696969697
AUC-department-2: 0.9066666666666667
AUC-project-2: 0.9411764705882353
AUC-staff-2: 0.0
AUC-student-3: 0.9930555555555556
AUC-course-3: 0.959866220735786
AUC-faculty-3: 0.8359375
AUC-department-3: 0.9870967741935485
AUC-project-3: 0.9714285714285714
AUC-staff-3: 0.9428571428571428
AUC-student-4: 1.0
AUC-course-4: 0.9866666666666667
AUC-faculty-4: 0.7066666666666667
AUC-department-4: 0.7580645161290323
AUC-project-4: 0.9848484848484849
AUC-staff-4: 0.9117647058823529
AUC-student-5: 0.9164086687306501
AUC-course-5: 0.95
AUC-faculty-5: 0.765625
AUC-department-5: 0.65625
AUC-project-5: 0.9797979797979799
AUC-staff-5: 0.8970588235294117
AUC-student-6: 1.0
AUC-course-6: 0.9444444444444444
AUC-faculty-6: 0.5866666666666667
AUC-department-6: 0.9848484848484849
AUC-project-6: 0.9696969696969697
AUC-staff-6: 0.0
AUC-student-7: 0.9966666666666666
AUC-course-7: 1.0
AUC-faculty-7: 0.7395833333333334
AUC-department-7: 0.9516129032258065
AUC-project-7: 0.967741935483871
AUC-staff-7: 0.8529411764705882
AUC-student-8: 1.0
AUC-course-8: 0.9833333333333334
AUC-faculty-8: 0.5741935483870968
AUC-department-8: 0.98989898989899
AUC-project-8: 0.98989898989899
AUC-staff-8: 0.9852941176470588
AUC-student-9: 0.9607843137254902
AUC-course-9: 0.996
AUC-faculty-9: 0.0
AUC-department-9: 0.7983870967741935
AUC-project-9: 1.0
AUC-staff-9: 0.9705882352941176
AUC-student-10: 0.9756944444444445
AUC-course-10: 0.9961538461538462
AUC-faculty-10: 0.8129032258064517
AUC-department-10: 1.0
AUC-project-10: 1.0
AUC-staff-10: 0.8088235294117647
AUC-student-Final: 0.9676042663476874 (0.037519211998940406)
AUC-course-Final: 0.9725941938668647 (0.029268795472602062)
AUC-faculty-Final: 0.6151272910557184 (0.2445906998082489)
AUC-department-Final: 0.9016696399478658 (0.12131990150139868)
AUC-project-Final: 0.9748137788839877 (0.020597837561693512)
AUC-staff-Final: 0.7354176215940922 (0.39173331818826035)
AUC-student-1: 0.9131944444444444
AUC-course-1: 0.9166666666666667
AUC-faculty-1: 0.4375
AUC-department-1: 0.9462365591397849
AUC-project-1: 1.0
AUC-staff-1: 0.9375
AUC-student-2: 0.9300699300699301
AUC-course-2: 1.0
AUC-faculty-2: 0.8181818181818181
AUC-department-2: 0.7873563218390804
AUC-project-2: 0.9733333333333334
AUC-staff-2: 0.9696969696969697
AUC-student-3: 0.9251700680272109
AUC-course-3: 1.0
AUC-faculty-3: 0.7580645161290323
AUC-department-3: 0.5
AUC-project-3: 0.0
AUC-staff-3: 0.9705882352941176
AUC-student-4: 0.9886363636363636
AUC-course-4: 0.9786324786324786
AUC-faculty-4: 0.7133333333333334
AUC-department-4: 0.9866666666666667
AUC-project-4: 0.9866666666666667
AUC-staff-4: 0.0
AUC-student-5: 0.8823529411764706
AUC-course-5: 0.9080459770114943
AUC-faculty-5: 0.5051020408163265
AUC-department-5: 1.0
AUC-project-5: 0.0
AUC-staff-5: 0.8529411764705882
AUC-student-6: 0.9930555555555556
AUC-course-6: 0.9583333333333334
AUC-faculty-6: 0.9083333333333334
AUC-department-6: 0.953125
AUC-project-6: 1.0
AUC-staff-6: 0.0
AUC-student-7: 1.0
AUC-course-7: 0.9659863945578231
AUC-faculty-7: 0.9393939393939394
AUC-department-7: 0.7933333333333333
AUC-project-7: 0.9596774193548387
AUC-staff-7: 0.0
AUC-student-8: 0.9965986394557823
AUC-course-8: 0.9861111111111112
AUC-faculty-8: 0.6666666666666666
AUC-department-8: 0.9597701149425287
AUC-project-8: 0.9270833333333333
AUC-staff-8: 0.8787878787878788
AUC-student-9: 1.0
AUC-course-9: 0.946969696969697
AUC-faculty-9: 0.6666666666666666
AUC-department-9: 0.9838709677419355
AUC-project-9: 0.0
AUC-staff-9: 0.9411764705882353
AUC-student-10: 0.9671052631578947
AUC-course-10: 0.9814814814814815
AUC-faculty-10: 0.9479166666666666
AUC-department-10: 1.0
AUC-project-10: 0.9411764705882353
AUC-staff-10: 0.8787878787878788
AUC-student-Final: 0.9596183205523652 (0.04324344327950143)
AUC-course-Final: 0.9642227139764085 (0.032141185198933754)
AUC-faculty-Final: 0.7361158981187784 (0.1750432401545395)
AUC-department-Final: 0.891035896366333 (0.15858430161738277)
AUC-project-Final: 0.6787937223276408 (0.468989116093526)
AUC-staff-Final: 0.6429478609625668 (0.4453835472544224)
AUC-student-1: 0.9693877551020408
AUC-course-1: 0.976
AUC-faculty-1: 0.6935483870967741
AUC-department-1: 0.9516129032258064
AUC-project-1: 0.9705882352941176
AUC-staff-1: 0.9696969696969697
AUC-student-2: 0.925
AUC-course-2: 0.9855769230769231
AUC-faculty-2: 0.6105769230769231
AUC-department-2: 0.9821428571428572
AUC-project-2: 0.96875
AUC-staff-2: 0.0
AUC-student-3: 0.9444444444444444
AUC-course-3: 0.9852216748768473
AUC-faculty-3: 0.5
AUC-department-3: 0.8719211822660098
AUC-project-3: 0.9696969696969697
AUC-staff-3: 0.0
AUC-student-4: 0.9333333333333333
AUC-course-4: 0.9841269841269842
AUC-faculty-4: 0.49404761904761907
AUC-department-4: 0.9393939393939394
AUC-project-4: 1.0
AUC-staff-4: 0.0
AUC-student-5: 1.0
AUC-course-5: 0.9655172413793103
AUC-faculty-5: 0.767741935483871
AUC-department-5: 1.0
AUC-project-5: 0.0
AUC-staff-5: 0.9117647058823529
AUC-student-6: 1.0
AUC-course-6: 1.0
AUC-faculty-6: 0.8629032258064516
AUC-department-6: 0.9758064516129032
AUC-project-6: 1.0
AUC-staff-6: 0.8823529411764706
AUC-student-7: 0.9365079365079365
AUC-course-7: 0.967948717948718
AUC-faculty-7: 0.8660714285714286
AUC-department-7: 0.9032258064516129
AUC-project-7: 1.0
AUC-staff-7: 0.7931034482758621
AUC-student-8: 0.928125
AUC-course-8: 0.9955357142857143
AUC-faculty-8: 0.2571428571428571
AUC-department-8: 0.75
AUC-project-8: 0.9852216748768473
AUC-staff-8: 0.9558823529411764
AUC-student-9: 0.923611111111111
AUC-course-9: 0.9759615384615385
AUC-faculty-9: 0.875
AUC-department-9: 0.7379310344827588
AUC-project-9: 0.90625
AUC-staff-9: 1.0
AUC-student-10: 1.0
AUC-course-10: 0.8615384615384616
AUC-faculty-10: 0.5294117647058824
AUC-department-10: 0.9921875
AUC-project-10: 0.984375
AUC-staff-10: 0.0
AUC-student-Final: 0.9560409580498866 (0.03300087564606675)
AUC-course-Final: 0.9697427255694497 (0.03956017996681038)
AUC-faculty-Final: 0.6456444140931807 (0.20425015740834923)
AUC-department-Final: 0.9104221674575887 (0.09642921189121154)
AUC-project-Final: 0.8784881879867935 (0.30990326187372613)
AUC-staff-Final: 0.5512800417972832 (0.4777029658487546)
AUC-student-1: 0.36764705882352944
AUC-course-1: 0.6839080459770115
AUC-faculty-1: 0.5075757575757576
AUC-department-1: 0.9637096774193549
AUC-project-1: 0.7466666666666667
AUC-staff-1: 0.5
AUC-student-2: 0.532
AUC-course-2: 0.670940170940171
AUC-faculty-2: 0.2016129032258065
AUC-department-2: 0.9004629629629629
AUC-project-2: 0.34375
AUC-staff-2: 1.0
AUC-student-3: 0.26875
AUC-course-3: 0.4545454545454545
AUC-faculty-3: 0.4393939393939394
AUC-department-3: 0.8290322580645162
AUC-project-3: 0.7093596059113301
AUC-staff-3: 0.6176470588235294
AUC-student-4: 0.2763157894736842
AUC-course-4: 0.6363636363636364
AUC-faculty-4: 0.4516129032258064
AUC-department-4: 0.5766129032258064
AUC-project-4: 0.0
AUC-staff-4: 0.0
AUC-student-5: 0.31269349845201233
AUC-course-5: 0.7576923076923077
AUC-faculty-5: 0.48571428571428577
AUC-department-5: 0.953125
AUC-project-5: 0.84375
AUC-staff-5: 0.0
AUC-student-6: 0.4897959183673469
AUC-course-6: 0.6532258064516129
AUC-faculty-6: 0.3888888888888889
AUC-department-6: 0.8548387096774194
AUC-project-6: 0.5
AUC-staff-6: 0.5
AUC-student-7: 0.3433333333333333
AUC-course-7: 0.5935374149659864
AUC-faculty-7: 0.5
AUC-department-7: 0.8181818181818181
AUC-project-7: 0.9411764705882353
AUC-staff-7: 0.5
AUC-student-8: 0.3046875
AUC-course-8: 0.5711538461538461
AUC-faculty-8: 0.5
AUC-department-8: 0.7676767676767675
AUC-project-8: 0.8428571428571429
AUC-staff-8: 0.0
AUC-student-9: 0.5066666666666667
AUC-course-9: 0.5972222222222223
AUC-faculty-9: 0.46354166666666663
AUC-department-9: 0.9090909090909091
AUC-project-9: 0.0
AUC-staff-9: 0.9393939393939394
AUC-student-10: 0.3279220779220779
AUC-course-10: 0.5076923076923077
AUC-faculty-10: 0.234375
AUC-department-10: 0.702020202020202
AUC-project-10: 0.6212121212121212
AUC-staff-10: 0.75
AUC-student-Final: 0.3729811843038651 (0.09902256520851029)
AUC-course-Final: 0.6126281213004556 (0.08822940709261416)
AUC-faculty-Final: 0.417271534469115 (0.1111066947623341)
AUC-department-Final: 0.8274751208319756 (0.11991677512017498)
AUC-project-Final: 0.5548772007235495 (0.34059082968291404)
AUC-staff-Final: 0.48070409982174683 (0.37500882164276567)
AUC-student-1: 0.4708994708994709
AUC-course-1: 0.7954545454545454
AUC-faculty-1: 0.5
AUC-department-1: 0.7755681818181819
AUC-project-1: 0.8765432098765433
AUC-staff-1: 0.0
AUC-student-2: 0.37566137566137564
AUC-course-2: 0.6157407407407408
AUC-faculty-2: 0.20370370370370372
AUC-department-2: 0.9711538461538461
AUC-project-2: 0.6964285714285715
AUC-staff-2: 0.0
AUC-student-3: 0.19675925925925927
AUC-course-3: 0.4289772727272727
AUC-faculty-3: 0.5031055900621118
AUC-department-3: 0.9310344827586207
AUC-project-3: 0.0
AUC-staff-3: 0.5
AUC-student-4: 0.4351851851851852
AUC-course-4: 0.5559006211180124
AUC-faculty-4: 0.42857142857142855
AUC-department-4: 0.9
AUC-project-4: 0.8928571428571429
AUC-staff-4: 0.5892857142857143
AUC-student-5: 0.43555555555555553
AUC-course-5: 0.6278409090909092
AUC-faculty-5: 0.5
AUC-department-5: 0.8765432098765432
AUC-project-5: 0.7716049382716049
AUC-staff-5: 0.0
AUC-student-6: 0.32579185520361986
AUC-course-6: 0.7932692307692307
AUC-faculty-6: 0.5048076923076923
AUC-department-6: 0.896
AUC-project-6: 0.6172839506172839
AUC-staff-6: 0.9310344827586207
AUC-student-7: 0.25
AUC-course-7: 0.5381944444444444
AUC-faculty-7: 0.537037037037037
AUC-department-7: 0.7530864197530862
AUC-project-7: 0.6604938271604938
AUC-staff-7: 0.5
AUC-student-8: 0.26315789473684215
AUC-course-8: 0.44886363636363635
AUC-faculty-8: 0.5069444444444444
AUC-department-8: 0.5865384615384615
AUC-project-8: 0.0
AUC-staff-8: 0.5
AUC-student-9: 0.2869318181818182
AUC-course-9: 0.5170454545454546
AUC-faculty-9: 0.26388888888888884
AUC-department-9: 0.888888888888889
AUC-project-9: 0.5802469135802468
AUC-staff-9: 1.0
AUC-student-10: 0.2857142857142857
AUC-course-10: 0.5539772727272727
AUC-faculty-10: 0.5
AUC-department-10: 0.8214285714285714
AUC-project-10: 0.7777777777777778
AUC-staff-10: 0.9310344827586207
AUC-student-Final: 0.3325656700397412 (0.0922150007544537)
AUC-course-Final: 0.5875264127981519 (0.12555550426969225)
AUC-faculty-Final: 0.44480587850153075 (0.11529228958586513)
AUC-department-Final: 0.8400242062216201 (0.11167572662826618)
AUC-project-Final: 0.5873236331569665 (0.32580407119804916)
AUC-staff-Final: 0.49513546798029556 (0.3914810556948781)
AUC-student-1: 0.3774509803921568
AUC-course-1: 0.7470238095238095
AUC-faculty-1: 0.6071428571428572
AUC-department-1: 0.845
AUC-project-1: 0.7371794871794871
AUC-staff-1: 0.5
AUC-student-2: 0.49019607843137253
AUC-course-2: 0.6095238095238096
AUC-faculty-2: 0.42857142857142855
AUC-department-2: 0.8904761904761904
AUC-project-2: 0.5
AUC-staff-2: 0.5
AUC-student-3: 0.3939393939393939
AUC-course-3: 0.6602564102564101
AUC-faculty-3: 0.5632183908045977
AUC-department-3: 0.7232142857142857
AUC-project-3: 0.5737179487179488
AUC-staff-3: 0.75
AUC-student-4: 0.38125
AUC-course-4: 0.588888888888889
AUC-faculty-4: 0.3466666666666667
AUC-department-4: 0.9
AUC-project-4: 0.9807692307692308
AUC-staff-4: 0.0
AUC-student-5: 0.2578125
AUC-course-5: 0.5477272727272727
AUC-faculty-5: 0.5
AUC-department-5: 0.8185185185185186
AUC-project-5: 0.7767857142857143
AUC-staff-5: 0.0
AUC-student-6: 0.26875
AUC-course-6: 0.4466666666666667
AUC-faculty-6: 0.41666666666666674
AUC-department-6: 0.8009259259259259
AUC-project-6: 0.8793103448275862
AUC-staff-6: 0.0
AUC-student-7: 0.22631578947368422
AUC-course-7: 0.43333333333333335
AUC-faculty-7: 0.551948051948052
AUC-department-7: 0.9074074074074074
AUC-project-7: 0.9285714285714286
AUC-staff-7: 0.0
AUC-student-8: 0.33333333333333337
AUC-course-8: 0.6397515527950312
AUC-faculty-8: 0.375
AUC-department-8: 0.9326923076923077
AUC-project-8: 0.9310344827586207
AUC-staff-8: 1.0
AUC-student-9: 0.2692307692307693
AUC-course-9: 0.8509316770186335
AUC-faculty-9: 0.5480769230769231
AUC-department-9: 0.7142857142857143
AUC-project-9: 0.7931034482758621
AUC-staff-9: 0.6666666666666666
AUC-student-10: 0.2986425339366516
AUC-course-10: 0.7037037037037037
AUC-faculty-10: 0.5
AUC-department-10: 0.7716049382716049
AUC-project-10: 0.8275862068965517
AUC-staff-10: 0.9107142857142858
AUC-student-Final: 0.32969213787373614 (0.08098597564286533)
AUC-course-Final: 0.6227807124437559 (0.12892463958783737)
AUC-faculty-Final: 0.48372909848771917 (0.08757303074073414)
AUC-department-Final: 0.8304125288291955 (0.07781629272651369)
AUC-project-Final: 0.7928058292282432 (0.15586610366188877)
AUC-staff-Final: 0.43273809523809526 (0.40328131399331585)
AUC-student-1: 0.32
AUC-course-1: 0.7040000000000001
AUC-faculty-1: 0.5
AUC-department-1: 0.7741935483870968
AUC-project-1: 0.8629032258064516
AUC-staff-1: 0.5
AUC-student-2: 0.4901315789473685
AUC-course-2: 0.6220000000000001
AUC-faculty-2: 0.375
AUC-department-2: 0.9333333333333333
AUC-project-2: 0.0
AUC-staff-2: 1.0
AUC-student-3: 0.43181818181818177
AUC-course-3: 0.6111111111111112
AUC-faculty-3: 0.64453125
AUC-department-3: 0.8828125
AUC-project-3: 0.5
AUC-staff-3: 0.0
AUC-student-4: 0.4411764705882353
AUC-course-4: 0.6913265306122448
AUC-faculty-4: 0.25806451612903225
AUC-department-4: 0.6975806451612903
AUC-project-4: 0.7424242424242424
AUC-staff-4: 0.0
AUC-student-5: 0.453125
AUC-course-5: 0.6607142857142857
AUC-faculty-5: 0.2205882352941176
AUC-department-5: 0.7677419354838712
AUC-project-5: 0.8970588235294117
AUC-staff-5: 0.6666666666666666
AUC-student-6: 0.36363636363636365
AUC-course-6: 0.3520408163265306
AUC-faculty-6: 0.28225806451612906
AUC-department-6: 0.8833333333333333
AUC-project-6: 0.6800000000000002
AUC-staff-6: 0.8235294117647058
AUC-student-7: 0.33916083916083917
AUC-course-7: 0.6571969696969697
AUC-faculty-7: 0.27419354838709675
AUC-department-7: 0.9393939393939394
AUC-project-7: 0.8958333333333333
AUC-staff-7: 0.6439393939393938
AUC-student-8: 0.25696594427244585
AUC-course-8: 0.5653846153846154
AUC-faculty-8: 0.2626262626262626
AUC-department-8: 0.5
AUC-project-8: 0.6363636363636364
AUC-staff-8: 0.0
AUC-student-9: 0.33986928104575165
AUC-course-9: 0.5729166666666666
AUC-faculty-9: 0.5892857142857143
AUC-department-9: 0.8346774193548387
AUC-project-9: 0.7727272727272727
AUC-staff-9: 0.8636363636363636
AUC-student-10: 0.28733766233766234
AUC-course-10: 0.6157635467980296
AUC-faculty-10: 0.3861111111111111
AUC-department-10: 0.9161290322580644
AUC-project-10: 0.5955882352941178
AUC-staff-10: 0.676470588235294
AUC-student-Final: 0.37232213218068483 (0.07759165636071967)
AUC-course-Final: 0.6052454542310454 (0.10006139220353522)
AUC-faculty-Final: 0.3792658702349464 (0.15019975846191322)
AUC-department-Final: 0.8129195686705767 (0.13590290882135725)
AUC-project-Final: 0.6582898769478466 (0.26640893120510234)
AUC-staff-Final: 0.5174242424242423 (0.38202746242361446)
AUC-student-1: 0.9230769230769231
AUC-course-1: 0.9782608695652174
AUC-faculty-1: 0.7419354838709677
AUC-department-1: 0.5
AUC-project-1: 1.0
AUC-staff-1: 0.9848484848484849
AUC-student-2: 0.9927536231884059
AUC-course-2: 0.9814814814814815
AUC-faculty-2: 0.7528735632183908
AUC-department-2: 0.92
AUC-project-2: 0.8787878787878788
AUC-staff-2: 0.7424242424242424
AUC-student-3: 0.9707792207792209
AUC-course-3: 0.9846153846153847
AUC-faculty-3: 0.5078125
AUC-department-3: 1.0
AUC-project-3: 1.0
AUC-staff-3: 0.7428571428571429
AUC-student-4: 0.9638157894736842
AUC-course-4: 0.9540229885057472
AUC-faculty-4: 0.6612903225806451
AUC-department-4: 0.9516129032258064
AUC-project-4: 1.0
AUC-staff-4: 0.9117647058823529
AUC-student-5: 0.9936507936507937
AUC-course-5: 0.9935483870967742
AUC-faculty-5: 0.8828125
AUC-department-5: 0.7935483870967743
AUC-project-5: 0.0
AUC-staff-5: 1.0
AUC-student-6: 1.0
AUC-course-6: 0.9772727272727273
AUC-faculty-6: 0.467741935483871
AUC-department-6: 1.0
AUC-project-6: 0.9375
AUC-staff-6: 0.9705882352941176
AUC-student-7: 0.9444444444444444
AUC-course-7: 0.9444444444444444
AUC-faculty-7: 0.0
AUC-department-7: 0.8333333333333333
AUC-project-7: 1.0
AUC-staff-7: 0.9411764705882353
AUC-student-8: 0.978395061728395
AUC-course-8: 0.9917695473251029
AUC-faculty-8: 0.9142857142857143
AUC-department-8: 0.8585858585858586
AUC-project-8: 1.0
AUC-staff-8: 0.9852941176470588
AUC-student-9: 0.9411764705882353
AUC-course-9: 0.9537037037037037
AUC-faculty-9: 0.8467741935483871
AUC-department-9: 0.98
AUC-project-9: 1.0
AUC-staff-9: 0.0
AUC-student-10: 0.962962962962963
AUC-course-10: 0.9778325123152709
AUC-faculty-10: 0.7660098522167488
AUC-department-10: 0.9901477832512315
AUC-project-10: 0.9419354838709677
AUC-staff-10: 0.9714285714285714
AUC-student-Final: 0.9671055289893065 (0.025249452790921223)
AUC-course-Final: 0.9736952046325854 (0.016976230452674983)
AUC-faculty-Final: 0.6541536065204725 (0.273079619106811)
AUC-department-Final: 0.8827228265493003 (0.15351331061480739)
AUC-project-Final: 0.8758223362658846 (0.31051376685483517)
AUC-staff-Final: 0.8250381970970206 (0.3054549029600648)
AUC-student-1: 0.5196078431372549
AUC-course-1: 0.8257575757575758
AUC-project-1: 1.0
AUC-faculty-1: 0.6955128205128206
AUC-department-1: 0.6711711711711712
AUC-staff-1: 0.0
AUC-student-2: 0.6011111111111112
AUC-course-2: 0.7590497737556561
AUC-project-2: 0.7394736842105263
AUC-faculty-2: 0.9573170731707318
AUC-department-2: 0.5
AUC-staff-2: 0.0
AUC-student-3: 0.5950520833333334
AUC-course-3: 0.8612836438923396
AUC-project-3: 0.6000000000000001
AUC-faculty-3: 0.590625
AUC-department-3: 0.5116279069767442
AUC-staff-3: 0.7500000000000001
AUC-student-4: 0.6266666666666667
AUC-course-4: 0.9652777777777778
AUC-project-4: 0.46341463414634143
AUC-faculty-4: 0.4390243902439025
AUC-department-4: 0.4124999999999999
AUC-staff-4: 0.5731707317073171
AUC-student-5: 0.501240694789082
AUC-course-5: 0.8872767857142858
AUC-project-5: 0.8769230769230769
AUC-faculty-5: 0.6840277777777777
AUC-department-5: 0.0
AUC-staff-5: 0.5
AUC-student-6: 0.46153846153846156
AUC-course-6: 0.8793103448275862
AUC-project-6: 0.6706349206349206
AUC-faculty-6: 0.6507936507936508
AUC-department-6: 0.6646341463414633
AUC-staff-6: 0.0
AUC-student-7: 0.47333333333333333
AUC-course-7: 0.9389140271493213
AUC-project-7: 0.6289473684210526
AUC-faculty-7: 0.0
AUC-department-7: 0.7875
AUC-staff-7: 0.0
AUC-student-8: 0.5757894736842104
AUC-course-8: 0.8397435897435896
AUC-project-8: 0.42857142857142855
AUC-faculty-8: 0.7487179487179487
AUC-department-8: 0.0
AUC-staff-8: 0.0
AUC-student-9: 0.6797619047619047
AUC-course-9: 0.7613122171945701
AUC-project-9: 1.0
AUC-faculty-9: 0.8153153153153152
AUC-department-9: 0.5249999999999999
AUC-staff-9: 0.5238095238095238
AUC-student-10: 0.5390625
AUC-course-10: 0.8307291666666667
AUC-project-10: 0.6600877192982457
AUC-faculty-10: 0.7346491228070176
AUC-department-10: 0.39534883720930236
AUC-staff-10: 0.5
AUC-student-Final: 0.5573164072355359 (0.07040499344339397)
AUC-course-Final: 0.8548654902479369 (0.06711154610137615)
AUC-project-Final: 0.7068052832205594 (0.19987404570296885)
AUC-faculty-Final: 0.6315983099339165 (0.2601417257462827)
AUC-department-Final: 0.4467782061698681 (0.26459674825641694)
AUC-staff-Final: 0.2846980255516841 (0.30819752818051027)
AUC-faculty-1: 0.5
AUC-course-1: 0.6666666666666666
AUC-department-1: 0.6594827586206897
AUC-student-1: 0.4230769230769231
AUC-project-1: 0.5
AUC-staff-1: 0.0
AUC-faculty-2: 0.0
AUC-course-2: 0.5625
AUC-department-2: 0.6689655172413793
AUC-student-2: 0.34548611111111116
AUC-project-2: 0.5448275862068965
AUC-staff-2: 0.0
AUC-faculty-3: 0.5
AUC-course-3: 0.47586206896551725
AUC-department-3: 0.825
AUC-student-3: 0.41964285714285715
AUC-project-3: 0.5833333333333334
AUC-staff-3: 0.0
AUC-faculty-4: 0.3548387096774194
AUC-course-4: 0.3310344827586207
AUC-department-4: 0.4666666666666667
AUC-student-4: 0.39792387543252594
AUC-project-4: 0.43333333333333335
AUC-staff-4: 0.5
AUC-faculty-5: 0.28965517241379307
AUC-course-5: 0.3517241379310345
AUC-department-5: 0.44642857142857145
AUC-student-5: 0.2716262975778547
AUC-project-5: 0.0
AUC-staff-5: 0.9848484848484849
AUC-faculty-6: 0.3395061728395062
AUC-course-6: 0.30864197530864196
AUC-department-6: 0.8555555555555555
AUC-student-6: 0.5277777777777778
AUC-project-6: 0.3620689655172413
AUC-staff-6: 0.5
AUC-faculty-7: 0.716931216931217
AUC-course-7: 0.4761904761904762
AUC-department-7: 0.7878787878787878
AUC-student-7: 0.33854166666666663
AUC-project-7: 0.5
AUC-staff-7: 1.0
AUC-faculty-8: 0.6484375
AUC-course-8: 0.625
AUC-department-8: 0.48750000000000004
AUC-student-8: 0.4267857142857142
AUC-project-8: 0.8636363636363636
AUC-staff-8: 1.0
AUC-faculty-9: 0.2895833333333333
AUC-course-9: 0.31034482758620685
AUC-department-9: 0.6875
AUC-student-9: 0.38749999999999996
AUC-project-9: 0.5806451612903225
AUC-staff-9: 0.0
AUC-faculty-10: 0.5661375661375662
AUC-course-10: 0.5565476190476191
AUC-department-10: 0.7365591397849461
AUC-student-10: 0.2719298245614035
AUC-project-10: 0.22580645161290325
AUC-staff-10: 0.0
AUC-faculty-Final: 0.42050896713328345 (0.20966347844583308)
AUC-course-Final: 0.4664512254454783 (0.13479327658855933)
AUC-department-Final: 0.6621536997176597 (0.14952463872617222)
AUC-student-Final: 0.38102910476328344 (0.07757097177552563)
AUC-project-Final: 0.4593651194930394 (0.23089886807014953)
AUC-staff-Final: 0.3984848484848485 (0.45728969585159884)
